            --------------------------------------------------------
                             AMBER SQM VERSION 17
 
                                     By
              Ross C. Walker, Michael F. Crowley, Scott Brozell,
                         Tim Giese, Andreas W. Goetz,
                        Tai-Sung Lee and David A. Case
 
            --------------------------------------------------------
 

--------------------------------------------------------------------------------
  QM CALCULATION INFO
--------------------------------------------------------------------------------

| QMMM: Citation for AMBER QMMM Run:
| QMMM: R.C. Walker, M.F. Crowley and D.A. Case, J. COMP. CHEM. 29:1019, 2008

QMMM: SINGLET STATE CALCULATION
QMMM: RHF CALCULATION, NO. OF DOUBLY OCCUPIED LEVELS =  8

| QMMM: *** Selected Hamiltonian *** 
| QMMM: AM1         

| QMMM: *** Parameter sets in use ***
| QMMM: C : M.J.S.DEWAR et al. JACS, 107, 3902, (1985)
| QMMM: O : M.J.S.DEWAR et al. JACS, 107, 3902, (1985)

| QMMM: *** SCF convergence criteria ***
| QMMM: Energy change                :  0.1D-09 kcal/mol
| QMMM: Error matrix |FP-PF|         :  0.1D+00 au
| QMMM: Density matrix change        :  0.5D-06
| QMMM: Maximum number of SCF cycles :     1000

| QMMM: *** Diagonalization Routine Information ***
| QMMM: Pseudo diagonalizations are allowed.
| QMMM: Auto diagonalization routine selection is in use.
| QMMM:
| QMMM: Timing diagonalization routines:
| QMMM:                              norbs =       12
| QMMM:    diag iterations used for timing =       20
| QMMM:
| QMMM:              Internal diag routine = 0.001661 seconds
| QMMM:                 Dspev diag routine = 0.002444 seconds
| QMMM:                Dspevd diag routine = 0.001043 seconds
| QMMM:                Dspevx diag routine = 0.004421 seconds
| QMMM:                 Dsyev diag routine = 0.001042 seconds
| QMMM:                Dsyevd diag routine = 0.000986 seconds
| QMMM:                Dsyevr diag routine = 0.000967 seconds
| QMMM:
| QMMM:                Pseudo diag routine = 0.000083 seconds
| QMMM:
| QMMM: Using dsyevr routine (diag_routine=7).

  QMMM: QM Region Cartesian Coordinates (*=link atom) 
  QMMM: QM_NO.   MM_NO.  ATOM         X         Y         Z
  QMMM:     1        1      C       14.2970    3.1310   17.5470
  QMMM:     2        2      O       13.4480    2.9160   16.7860
  QMMM:     3        3      O       15.0740    3.3360   18.2870

--------------------------------------------------------------------------------
  RESULTS
--------------------------------------------------------------------------------

  ... geometry converged !
 
 Final MO eigenvalues (eV):
 -41.2234  -39.9401  -22.7413  -18.3363  -18.3363  -18.0968  -13.2150  -13.2150
   0.8524    0.8524    2.0934    6.5527

 Heat of formation   =        -79.85232261 kcal/mol  (       -3.46265655 eV)

 Total SCF energy    =     -17735.13540948 kcal/mol  (     -769.05318111 eV)
 Electronic energy   =     -33118.43858899 kcal/mol  (    -1436.12326391 eV)
 Core-core repulsion =      15383.30317950 kcal/mol  (      667.07008280 eV)
 
    Atomic Charges for Step       1 :
  Atom    Element       Mulliken Charge
     1      C                  0.411
     2      O                 -0.206
     3      O                 -0.206
 Total Mulliken Charge =       0.000
 
                  X        Y        Z     TOTAL  
  QM DIPOLE     0.000   -0.000   -0.000    0.000
 
 Final Structure

  QMMM: QM Region Cartesian Coordinates (*=link atom) 
  QMMM: QM_NO.   MM_NO.  ATOM         X         Y         Z
  QMMM:     1        1      C       14.2730    3.1277   17.5400
  QMMM:     2        2      O       13.4135    2.9060   16.7483
  QMMM:     3        3      O       15.1325    3.3493   18.3317

           --------- Calculation Completed ----------

