log started: Wed May 27 16:00:09 2020

Log file: ./leap.log
>> #
>> # ----- leaprc for loading the general Amber Force field.
>> #       This file is mostly for use with Antechamber
>> #
>> #	load atom type hybridizations
>> #
>> addAtomTypes {
>> 	{ "h1"  "H" "sp3" }
>> 	{ "h2"  "H" "sp3" }
>> 	{ "h3"  "H" "sp3" }
>> 	{ "h4"  "H" "sp3" }
>> 	{ "h5"  "H" "sp3" }
>> 	{ "ha"  "H" "sp3" }
>> 	{ "hc"  "H" "sp3" }
>> 	{ "hn"  "H" "sp3" }
>> 	{ "ho"  "H" "sp3" }
>> 	{ "hp"  "H" "sp3" }
>> 	{ "hs"  "H" "sp3" }
>> 	{ "hw"  "H" "sp3" }
>> 	{ "hx"  "H" "sp3" }
>> 	{ "o"  "O" "sp2" }
>> 	{ "o2"  "O" "sp2" }
>> 	{ "oh"  "O" "sp3" }
>> 	{ "os"  "O" "sp3" }
>> 	{ "ow"  "O" "sp3" }
>> 	{ "c"  "C" "sp2" }
>> 	{ "c1"  "C" "sp2" }
>> 	{ "c2"  "C" "sp2" }
>> 	{ "c3"  "C" "sp3" }
>> 	{ "ca"  "C" "sp2" }
>> 	{ "cc"  "C" "sp2" }
>> 	{ "cd"  "C" "sp2" }
>> 	{ "ce"  "C" "sp2" }
>> 	{ "cf"  "C" "sp2" }
>> 	{ "cg"  "C" "sp2" }
>> 	{ "ch"  "C" "sp2" }
>> 	{ "cp"  "C" "sp2" }
>> 	{ "cq"  "C" "sp2" }
>> 	{ "cu"  "C" "sp2" }
>> 	{ "cv"  "C" "sp2" }
>> 	{ "cx"  "C" "sp2" }
>> 	{ "cy"  "C" "sp2" }
>> 	{ "cz"  "C" "sp2" }
>> 	{ "n"   "N" "sp2" }
>> 	{ "n1"  "N" "sp2" }
>> 	{ "n2"  "N" "sp2" }
>> 	{ "n3"  "N" "sp3" }
>> 	{ "n4"  "N" "sp3" }
>> 	{ "na"  "N" "sp2" }
>> 	{ "nb"  "N" "sp2" }
>> 	{ "nc"  "N" "sp2" }
>> 	{ "nd"  "N" "sp2" }
>> 	{ "ne"  "N" "sp2" }
>> 	{ "nf"  "N" "sp2" }
>> 	{ "nh"  "N" "sp2" }
>> 	{ "no"  "N" "sp2" }
>> 	{ "s"   "S" "sp2" }
>> 	{ "s2"   "S" "sp2" }
>> 	{ "s3"   "S" "sp3" }
>> 	{ "s4"   "S" "sp3" }
>> 	{ "s6"   "S" "sp3" }
>> 	{ "sh"   "S" "sp3" }
>> 	{ "ss"   "S" "sp3" }
>> 	{ "sx"   "S" "sp3" }
>> 	{ "sy"   "S" "sp3" }
>> 	{ "p2"   "P" "sp2" }
>> 	{ "p3"   "P" "sp3" }
>> 	{ "p4"   "P" "sp3" }
>> 	{ "p5"   "P" "sp3" }
>> 	{ "pb"   "P" "sp3" }
>> 	{ "pc"   "P" "sp3" }
>> 	{ "pd"   "P" "sp3" }
>> 	{ "pe"   "P" "sp3" }
>> 	{ "pf"   "P" "sp3" }
>> 	{ "px"   "P" "sp3" }
>> 	{ "py"   "P" "sp3" }
>> 	{ "f"   "F" "sp3" }
>> 	{ "cl"  "Cl" "sp3" }
>> 	{ "br"  "Br" "sp3" }
>> 	{ "i"   "I"  "sp3" }
>> }
>> #
>> #	Load the general force field parameter set.
>> #
>> gaff = loadamberparams gaff.dat
Loading parameters: /anaconda3/pkgs/ambertools-17.6-0/dat/leap/parm/gaff.dat
Reading title:
AMBER General Force Field for organic molecules (Version 1.8, Mar 2015)
> 
> source leaprc.protein.ff14SB
----- Source: /anaconda3/pkgs/ambertools-17.6-0/dat/leap/cmd/leaprc.protein.ff14SB
----- Source of /anaconda3/pkgs/ambertools-17.6-0/dat/leap/cmd/leaprc.protein.ff14SB done
>> logFile leap.log
log started: Wed May 27 16:00:09 2020

Log file: ./leap.log
>> #
>> # ----- leaprc for loading the ff14SB force field
>> # ----- NOTE: this is designed for PDB format 3!
>> #
>> #	load atom type hybridizations
>> #
>> addAtomTypes {
>> 	{ "H"   "H" "sp3" }
>> 	{ "HO"  "H" "sp3" }
>> 	{ "HS"  "H" "sp3" }
>> 	{ "H1"  "H" "sp3" }
>> 	{ "H2"  "H" "sp3" }
>> 	{ "H3"  "H" "sp3" }
>> 	{ "H4"  "H" "sp3" }
>> 	{ "H5"  "H" "sp3" }
>> 	{ "HW"  "H" "sp3" }
>> 	{ "HC"  "H" "sp3" }
>> 	{ "HA"  "H" "sp3" }
>> 	{ "HP"  "H" "sp3" }
>> 	{ "HZ"  "H" "sp3" }
>> 	{ "OH"  "O" "sp3" }
>> 	{ "OS"  "O" "sp3" }
>> 	{ "O"   "O" "sp2" }
>> 	{ "O2"  "O" "sp2" }
>> 	{ "OP"  "O" "sp2" }
>> 	{ "OW"  "O" "sp3" }
>> 	{ "CT"  "C" "sp3" }
>> 	{ "CX"  "C" "sp3" }
>> 	{ "C8"  "C" "sp3" }
>> 	{ "2C"  "C" "sp3" }
>> 	{ "3C"  "C" "sp3" }
>> 	{ "CH"  "C" "sp3" }
>> 	{ "CS"  "C" "sp2" }
>> 	{ "C"   "C" "sp2" }
>> 	{ "CO"   "C" "sp2" }
>> 	{ "C*"  "C" "sp2" }
>> 	{ "CA"  "C" "sp2" }
>> 	{ "CB"  "C" "sp2" }
>> 	{ "CC"  "C" "sp2" }
>> 	{ "CN"  "C" "sp2" }
>> 	{ "CM"  "C" "sp2" }
>> 	{ "CK"  "C" "sp2" }
>> 	{ "CQ"  "C" "sp2" }
>> 	{ "CD"  "C" "sp2" }
>> 	{ "C5"  "C" "sp2" }
>> 	{ "C4"  "C" "sp2" }
>> 	{ "CP"  "C" "sp2" }
>> 	{ "CI"  "C" "sp3" }
>> 	{ "CJ"  "C" "sp2" }
>> 	{ "CW"  "C" "sp2" }
>> 	{ "CV"  "C" "sp2" }
>> 	{ "CR"  "C" "sp2" }
>> 	{ "CA"  "C" "sp2" }
>> 	{ "CY"  "C" "sp2" }
>> 	{ "C0"  "Ca" "sp3" }
>> 	{ "MG"  "Mg" "sp3" }
>> 	{ "N"   "N" "sp2" }
>> 	{ "NA"  "N" "sp2" }
>> 	{ "N2"  "N" "sp2" }
>> 	{ "N*"  "N" "sp2" }
>> 	{ "NP"  "N" "sp2" }
>> 	{ "NQ"  "N" "sp2" }
>> 	{ "NB"  "N" "sp2" }
>> 	{ "NC"  "N" "sp2" }
>> 	{ "NT"  "N" "sp3" }
>> 	{ "NY"  "N" "sp2" }
>> 	{ "N3"  "N" "sp3" }
>> 	{ "S"   "S" "sp3" }
>> 	{ "SH"  "S" "sp3" }
>> 	{ "P"   "P" "sp3" }
>> 	{ "LP"  ""  "sp3" }
>> 	{ "EP"  ""  "sp3" }
>> 	{ "F"   "F" "sp3" }
>> 	{ "Cl"  "Cl" "sp3" }
>> 	{ "Br"  "Br" "sp3" }
>> 	{ "I"   "I"  "sp3" }
>> }
>> #
>> #	Load the main parameter set.
>> #
>> parm10 = loadamberparams parm10.dat
Loading parameters: /anaconda3/pkgs/ambertools-17.6-0/dat/leap/parm/parm10.dat
Reading title:
PARM99 + frcmod.ff99SB + frcmod.parmbsc0 + OL3 for RNA
(UNKNOWN ATOM TYPE: Zn)
(UNKNOWN ATOM TYPE: EP)
>> frcmod14SB = loadamberparams frcmod.ff14SB
Loading parameters: /anaconda3/pkgs/ambertools-17.6-0/dat/leap/parm/frcmod.ff14SB
Reading force field modification type file (frcmod)
Reading title:
ff14SB protein backbone and sidechain parameters
>> #
>> #	Load main chain and terminating amino acid libraries
>> #
>> loadOff amino12.lib
Loading library: /anaconda3/pkgs/ambertools-17.6-0/dat/leap/lib/amino12.lib
Loading: ALA
Loading: ARG
Loading: ASH
Loading: ASN
Loading: ASP
Loading: CYM
Loading: CYS
Loading: CYX
Loading: GLH
Loading: GLN
Loading: GLU
Loading: GLY
Loading: HID
Loading: HIE
Loading: HIP
Loading: HYP
Loading: ILE
Loading: LEU
Loading: LYN
Loading: LYS
Loading: MET
Loading: PHE
Loading: PRO
Loading: SER
Loading: THR
Loading: TRP
Loading: TYR
Loading: VAL
>> loadOff aminoct12.lib
Loading library: /anaconda3/pkgs/ambertools-17.6-0/dat/leap/lib/aminoct12.lib
Loading: CALA
Loading: CARG
Loading: CASN
Loading: CASP
Loading: CCYS
Loading: CCYX
Loading: CGLN
Loading: CGLU
Loading: CGLY
Loading: CHID
Loading: CHIE
Loading: CHIP
Loading: CHYP
Loading: CILE
Loading: CLEU
Loading: CLYS
Loading: CMET
Loading: CPHE
Loading: CPRO
Loading: CSER
Loading: CTHR
Loading: CTRP
Loading: CTYR
Loading: CVAL
Loading: NHE
Loading: NME
>> loadOff aminont12.lib
Loading library: /anaconda3/pkgs/ambertools-17.6-0/dat/leap/lib/aminont12.lib
Loading: ACE
Loading: NALA
Loading: NARG
Loading: NASN
Loading: NASP
Loading: NCYS
Loading: NCYX
Loading: NGLN
Loading: NGLU
Loading: NGLY
Loading: NHID
Loading: NHIE
Loading: NHIP
Loading: NILE
Loading: NLEU
Loading: NLYS
Loading: NMET
Loading: NPHE
Loading: NPRO
Loading: NSER
Loading: NTHR
Loading: NTRP
Loading: NTYR
Loading: NVAL
>> 
>> #
>> #	Define the PDB name map for the amino acids
>> #
>> addPdbResMap {
>>   { 0 "HYP" "HYP" } { 1 "HYP" "CHYP" }
>>   { 0 "ALA" "NALA" } { 1 "ALA" "CALA" }
>>   { 0 "ARG" "NARG" } { 1 "ARG" "CARG" }
>>   { 0 "ASN" "NASN" } { 1 "ASN" "CASN" }
>>   { 0 "ASP" "NASP" } { 1 "ASP" "CASP" }
>>   { 0 "CYS" "NCYS" } { 1 "CYS" "CCYS" }
>>   { 0 "CYX" "NCYX" } { 1 "CYX" "CCYX" }
>>   { 0 "GLN" "NGLN" } { 1 "GLN" "CGLN" }
>>   { 0 "GLU" "NGLU" } { 1 "GLU" "CGLU" }
>>   { 0 "GLY" "NGLY" } { 1 "GLY" "CGLY" }
>>   { 0 "HID" "NHID" } { 1 "HID" "CHID" }
>>   { 0 "HIE" "NHIE" } { 1 "HIE" "CHIE" }
>>   { 0 "HIP" "NHIP" } { 1 "HIP" "CHIP" }
>>   { 0 "ILE" "NILE" } { 1 "ILE" "CILE" }
>>   { 0 "LEU" "NLEU" } { 1 "LEU" "CLEU" }
>>   { 0 "LYS" "NLYS" } { 1 "LYS" "CLYS" }
>>   { 0 "MET" "NMET" } { 1 "MET" "CMET" }
>>   { 0 "PHE" "NPHE" } { 1 "PHE" "CPHE" }
>>   { 0 "PRO" "NPRO" } { 1 "PRO" "CPRO" }
>>   { 0 "SER" "NSER" } { 1 "SER" "CSER" }
>>   { 0 "THR" "NTHR" } { 1 "THR" "CTHR" }
>>   { 0 "TRP" "NTRP" } { 1 "TRP" "CTRP" }
>>   { 0 "TYR" "NTYR" } { 1 "TYR" "CTYR" }
>>   { 0 "VAL" "NVAL" } { 1 "VAL" "CVAL" }
>>   { 0 "HIS" "NHIS" } { 1 "HIS" "CHIS" }
>> }
>> 
>> #
>> # assume that most often proteins use HIE
>> #
>> NHIS = NHIE
>> HIS = HIE
>> CHIS = CHIE
> 
> addAtomTypes { { "ZN" "Zn" "sp3" } { "N5" "N" "sp3" } { "N6" "N" "sp3" } { "N7" "N" "sp3" } }
> source leaprc.water.tip3p
----- Source: /anaconda3/pkgs/ambertools-17.6-0/dat/leap/cmd/leaprc.water.tip3p
----- Source of /anaconda3/pkgs/ambertools-17.6-0/dat/leap/cmd/leaprc.water.tip3p done
>> #
>> #       Load water and ions for TIP3P + Joung-Chetham monovalent ions
>> #       + Li/Merz highly charged ions (+2 to +4, 12-6 normal usage set)
>> #
>> addAtomTypes {
>> 	{ "HW"  "H" "sp3" }
>> 	{ "OW"  "O" "sp3" }
>> 	{ "F-"   "F" "sp3" }
>> 	{ "Cl-"  "Cl" "sp3" }
>> 	{ "Br-"  "Br" "sp3" }
>> 	{ "I-"   "I"  "sp3" }
>> 	{ "Li+"  "Li"  "sp3" }
>> 	{ "Na+"  "Na"  "sp3" }
>> 	{ "K+"  "K"  "sp3" }
>> 	{ "Rb+"  "Rb"  "sp3" }
>> 	{ "Cs+"  "Cs"  "sp3" }
>> 	{ "Mg+"  "Mg"  "sp3" }
>>     { "Tl+"  "Tl"  "sp3" }
>>     { "Cu+"  "Cu"  "sp3" }
>>     { "Ag+"  "Ag"  "sp3" }
>>     { "Be2+" "Be"  "sp3" }
>>     { "Cu2+" "Cu"  "sp3" }
>>     { "Ni2+" "Ni"  "sp3" }
>>     { "Pt2+" "Pt"  "sp3" }
>>     { "Zn2+" "Zn"  "sp3" }
>>     { "Co2+" "Co"  "sp3" }
>>     { "Pd2+" "Pd"  "sp3" }
>>     { "Ag2+" "Ag"  "sp3" }
>>     { "Cr2+" "Cr"  "sp3" }
>>     { "Fe2+" "Fe"  "sp3" }
>>     { "Mg2+" "Mg"  "sp3" }
>>     { "V2+"  "V"   "sp3" }
>>     { "Mn2+" "Mn"  "sp3" }
>>     { "Hg2+" "Hg"  "sp3" }
>>     { "Cd2+" "Cd"  "sp3" }
>>     { "Yb2+" "Yb"  "sp3" }
>>     { "Ca2+" "Ca"  "sp3" }
>>     { "Sn2+" "Sn"  "sp3" }
>>     { "Pb2+" "Pb"  "sp3" }
>>     { "Eu2+" "Eu"  "sp3" }
>>     { "Sr2+" "Sr"  "sp3" }
>>     { "Sm2+" "Sm"  "sp3" }
>>     { "Ba2+" "Ba"  "sp3" }
>>     { "Ra2+" "Ra"  "sp3" }
>>     { "Al3+" "Al"  "sp3" }
>>     { "Fe3+" "Fe"  "sp3" }
>>     { "Cr3+" "Cr"  "sp3" }
>>     { "In3+" "In"  "sp3" }
>>     { "Tl3+" "Tl"  "sp3" }
>>     { "Y3+"  "Y"   "sp3" }
>>     { "La3+" "La"  "sp3" }
>>     { "Ce3+" "Ce"  "sp3" }
>>     { "Pr3+" "Pr"  "sp3" }
>>     { "Nd3+" "Nd"  "sp3" }
>>     { "Sm3+" "Sm"  "sp3" }
>>     { "Eu3+" "Eu"  "sp3" }
>>     { "Gd3+" "Gd"  "sp3" }
>>     { "Tb3+" "Tb"  "sp3" }
>>     { "Dy3+" "Dy"  "sp3" }
>>     { "Er3+" "Er"  "sp3" }
>>     { "Tm3+" "Tm"  "sp3" }
>>     { "Lu3+" "Lu"  "sp3" }
>>     { "Hf4+" "Hf"  "sp3" }
>>     { "Zr4+" "Zr"  "sp3" }
>>     { "Ce4+" "Ce"  "sp3" }
>>     { "U4+"  "U"   "sp3" }
>>     { "Pu4+" "Pu"  "sp3" }
>>     { "Th4+" "Th"  "sp3" }
>> }
>> loadOff atomic_ions.lib
Loading library: /anaconda3/pkgs/ambertools-17.6-0/dat/leap/lib/atomic_ions.lib
Loading: AG
Loading: AL
Loading: Ag
Loading: BA
Loading: BR
Loading: Be
Loading: CA
Loading: CD
Loading: CE
Loading: CL
Loading: CO
Loading: CR
Loading: CS
Loading: CU
Loading: CU1
Loading: Ce
Loading: Cl-
Loading: Cr
Loading: Dy
Loading: EU
Loading: EU3
Loading: Er
Loading: F
Loading: FE
Loading: FE2
Loading: GD3
Loading: H3O+
Loading: HE+
Loading: HG
Loading: HZ+
Loading: Hf
Loading: IN
Loading: IOD
Loading: K
Loading: K+
Loading: LA
Loading: LI
Loading: LU
Loading: MG
Loading: MN
Loading: NA
Loading: NH4
Loading: NI
Loading: Na+
Loading: Nd
Loading: PB
Loading: PD
Loading: PR
Loading: PT
Loading: Pu
Loading: RB
Loading: Ra
Loading: SM
Loading: SR
Loading: Sm
Loading: Sn
Loading: TB
Loading: TL
Loading: Th
Loading: Tl
Loading: Tm
Loading: U4+
Loading: V2+
Loading: Y
Loading: YB2
Loading: ZN
Loading: Zr
>> loadOff solvents.lib
Loading library: /anaconda3/pkgs/ambertools-17.6-0/dat/leap/lib/solvents.lib
Loading: CHCL3BOX
Loading: DC4
Loading: FB3
Loading: FB3BOX
Loading: FB4
Loading: FB4BOX
Loading: MEOHBOX
Loading: NMABOX
Loading: OP3
Loading: OPC
Loading: OPC3BOX
Loading: OPCBOX
Loading: PL3
Loading: POL3BOX
Loading: QSPCFWBOX
Loading: SPC
Loading: SPCBOX
Loading: SPCFWBOX
Loading: SPF
Loading: SPG
Loading: T4E
Loading: TIP3PBOX
Loading: TIP3PFBOX
Loading: TIP4PBOX
Loading: TIP4PEWBOX
Loading: TIP5PBOX
Loading: TP3
Loading: TP4
Loading: TP5
Loading: TPF
>> HOH = TP3
>> WAT = TP3
>> loadAmberParams frcmod.tip3p
Loading parameters: /anaconda3/pkgs/ambertools-17.6-0/dat/leap/parm/frcmod.tip3p
Reading force field modification type file (frcmod)
Reading title:
This is the additional/replacement parameter set for SPC/E water
>> loadAmberParams frcmod.ionsjc_tip3p
Loading parameters: /anaconda3/pkgs/ambertools-17.6-0/dat/leap/parm/frcmod.ionsjc_tip3p
Reading force field modification type file (frcmod)
Reading title:
Monovalent ion parameters for Ewald and TIP3P water from Joung & Cheatham JPCB (2008)
>> loadAmberParams frcmod.ions234lm_126_tip3p
Loading parameters: /anaconda3/pkgs/ambertools-17.6-0/dat/leap/parm/frcmod.ions234lm_126_tip3p
Reading force field modification type file (frcmod)
Reading title:
Li/Merz ion parameters of divalent to tetravalent ions for TIP3P water model (12-6 normal usage set)
>> 
> 
> #loadoff atomic_ions.lib
> loadamberprep ZAFF.prep
Loading Prep file: ./ZAFF.prep
(UNKNOWN ATOM TYPE: S1)
(UNKNOWN ATOM TYPE: S5)
(UNKNOWN ATOM TYPE: D1)
(UNKNOWN ATOM TYPE: E1)
(UNKNOWN ATOM TYPE: D2)
(UNKNOWN ATOM TYPE: D2)
(UNKNOWN ATOM TYPE: E2)
(UNKNOWN ATOM TYPE: NR)
(UNKNOWN ATOM TYPE: O1)
(UNKNOWN ATOM TYPE: N8)
(UNKNOWN ATOM TYPE: N9)
(UNKNOWN ATOM TYPE: N0)
(UNKNOWN ATOM TYPE: O3)
(UNKNOWN ATOM TYPE: O4)
Loaded UNIT: AP1
Loaded UNIT: AP2
Loaded UNIT: CY1
Loaded UNIT: CY2
Loaded UNIT: CY3
Loaded UNIT: CY4
Loaded UNIT: CY5
Loaded UNIT: HD1
Loaded UNIT: HD2
Loaded UNIT: HD3
Loaded UNIT: HD4
Loaded UNIT: HD5
Loaded UNIT: HD6
Loaded UNIT: HD7
Loaded UNIT: HD8
Loaded UNIT: HD9
Loaded UNIT: HDA
Loaded UNIT: HDD
Loaded UNIT: HE1
Loaded UNIT: HE2
Loaded UNIT: HE3
Loaded UNIT: HE4
Loaded UNIT: HE5
Loaded UNIT: HE6
Loaded UNIT: OH1
Loaded UNIT: WT1
Loaded UNIT: WT2
Loaded UNIT: WT3
Loaded UNIT: Z10
Loaded UNIT: Z11
Loaded UNIT: Z12
Loaded UNIT: ZN1
Loaded UNIT: ZN2
Loaded UNIT: ZN3
Loaded UNIT: ZN4
Loaded UNIT: ZN5
Loaded UNIT: ZN6
Loaded UNIT: ZN7
Loaded UNIT: ZN8
Loaded UNIT: ZN9
> loadamberparams ZAFF.frcmod
Loading parameters: ./ZAFF.frcmod
Reading force field modification type file (frcmod)
Reading title:
ZAFF parameter set created by MTK++/MCPB 
(UNKNOWN ATOM TYPE: S1)
(UNKNOWN ATOM TYPE: S5)
(UNKNOWN ATOM TYPE: O1)
(UNKNOWN ATOM TYPE: N8)
(UNKNOWN ATOM TYPE: N9)
(UNKNOWN ATOM TYPE: N0)
(UNKNOWN ATOM TYPE: O3)
(UNKNOWN ATOM TYPE: O4)
(UNKNOWN ATOM TYPE: E1)
(UNKNOWN ATOM TYPE: D1)
(UNKNOWN ATOM TYPE: E2)
(UNKNOWN ATOM TYPE: D2)
(UNKNOWN ATOM TYPE: NR)
> CO2 = loadmol2 CO2.mol2
Loading Mol2 file: ./CO2.mol2
Reading MOLECULE named CO2
> c = loadpdb 5Y2S_ph7_mp_ZAFF.pdb
Loading PDB file: ./5Y2S_ph7_mp_ZAFF.pdb
Enter zPdbReadScan from call depth  0.
Exit  zPdbReadScan from call depth  0.
Matching PDB residue names to LEaP variables.
Mapped residue HIS, term: Terminal/beginning, seq. number: 0 to: NHIS.
(Residue 1: TRP, Nonterminal, was not found in name map.)
(Residue 2: GLY, Nonterminal, was not found in name map.)
(Residue 3: TYR, Nonterminal, was not found in name map.)
(Residue 4: GLY, Nonterminal, was not found in name map.)
(Residue 5: LYS, Nonterminal, was not found in name map.)
(Residue 6: HIE, Nonterminal, was not found in name map.)
(Residue 7: ASN, Nonterminal, was not found in name map.)
(Residue 8: GLY, Nonterminal, was not found in name map.)
(Residue 9: PRO, Nonterminal, was not found in name map.)
(Residue 10: GLU, Nonterminal, was not found in name map.)
(Residue 11: HID, Nonterminal, was not found in name map.)
(Residue 12: TRP, Nonterminal, was not found in name map.)
(Residue 13: HIE, Nonterminal, was not found in name map.)
(Residue 14: LYS, Nonterminal, was not found in name map.)
(Residue 15: ASP, Nonterminal, was not found in name map.)
(Residue 16: PHE, Nonterminal, was not found in name map.)
(Residue 17: PRO, Nonterminal, was not found in name map.)
(Residue 18: ILE, Nonterminal, was not found in name map.)
(Residue 19: ALA, Nonterminal, was not found in name map.)
(Residue 20: LYS, Nonterminal, was not found in name map.)
(Residue 21: GLY, Nonterminal, was not found in name map.)
(Residue 22: GLU, Nonterminal, was not found in name map.)
(Residue 23: ARG, Nonterminal, was not found in name map.)
(Residue 24: GLN, Nonterminal, was not found in name map.)
(Residue 25: SER, Nonterminal, was not found in name map.)
(Residue 26: PRO, Nonterminal, was not found in name map.)
(Residue 27: VAL, Nonterminal, was not found in name map.)
(Residue 28: ASP, Nonterminal, was not found in name map.)
(Residue 29: ILE, Nonterminal, was not found in name map.)
(Residue 30: ASP, Nonterminal, was not found in name map.)
(Residue 31: THR, Nonterminal, was not found in name map.)
(Residue 32: HID, Nonterminal, was not found in name map.)
(Residue 33: THR, Nonterminal, was not found in name map.)
(Residue 34: ALA, Nonterminal, was not found in name map.)
(Residue 35: LYS, Nonterminal, was not found in name map.)
(Residue 36: TYR, Nonterminal, was not found in name map.)
(Residue 37: ASP, Nonterminal, was not found in name map.)
(Residue 38: PRO, Nonterminal, was not found in name map.)
(Residue 39: SER, Nonterminal, was not found in name map.)
(Residue 40: LEU, Nonterminal, was not found in name map.)
(Residue 41: LYS, Nonterminal, was not found in name map.)
(Residue 42: PRO, Nonterminal, was not found in name map.)
(Residue 43: LEU, Nonterminal, was not found in name map.)
(Residue 44: SER, Nonterminal, was not found in name map.)
(Residue 45: VAL, Nonterminal, was not found in name map.)
(Residue 46: SER, Nonterminal, was not found in name map.)
(Residue 47: TYR, Nonterminal, was not found in name map.)
(Residue 48: ASP, Nonterminal, was not found in name map.)
(Residue 49: GLN, Nonterminal, was not found in name map.)
(Residue 50: ALA, Nonterminal, was not found in name map.)
(Residue 51: THR, Nonterminal, was not found in name map.)
(Residue 52: SER, Nonterminal, was not found in name map.)
(Residue 53: LEU, Nonterminal, was not found in name map.)
(Residue 54: ARG, Nonterminal, was not found in name map.)
(Residue 55: ILE, Nonterminal, was not found in name map.)
(Residue 56: LEU, Nonterminal, was not found in name map.)
(Residue 57: ASN, Nonterminal, was not found in name map.)
(Residue 58: ASN, Nonterminal, was not found in name map.)
(Residue 59: GLY, Nonterminal, was not found in name map.)
(Residue 60: HID, Nonterminal, was not found in name map.)
(Residue 61: ALA, Nonterminal, was not found in name map.)
(Residue 62: PHE, Nonterminal, was not found in name map.)
(Residue 63: ASN, Nonterminal, was not found in name map.)
(Residue 64: VAL, Nonterminal, was not found in name map.)
(Residue 65: GLU, Nonterminal, was not found in name map.)
(Residue 66: PHE, Nonterminal, was not found in name map.)
(Residue 67: ASP, Nonterminal, was not found in name map.)
(Residue 68: ASP, Nonterminal, was not found in name map.)
(Residue 69: SER, Nonterminal, was not found in name map.)
(Residue 70: GLN, Nonterminal, was not found in name map.)
(Residue 71: ASP, Nonterminal, was not found in name map.)
(Residue 72: LYS, Nonterminal, was not found in name map.)
(Residue 73: ALA, Nonterminal, was not found in name map.)
(Residue 74: VAL, Nonterminal, was not found in name map.)
(Residue 75: LEU, Nonterminal, was not found in name map.)
(Residue 76: LYS, Nonterminal, was not found in name map.)
(Residue 77: GLY, Nonterminal, was not found in name map.)
(Residue 78: GLY, Nonterminal, was not found in name map.)
(Residue 79: PRO, Nonterminal, was not found in name map.)
(Residue 80: LEU, Nonterminal, was not found in name map.)
(Residue 81: ASP, Nonterminal, was not found in name map.)
(Residue 82: GLY, Nonterminal, was not found in name map.)
(Residue 83: THR, Nonterminal, was not found in name map.)
(Residue 84: TYR, Nonterminal, was not found in name map.)
(Residue 85: ARG, Nonterminal, was not found in name map.)
(Residue 86: LEU, Nonterminal, was not found in name map.)
(Residue 87: ILE, Nonterminal, was not found in name map.)
(Residue 88: GLN, Nonterminal, was not found in name map.)
(Residue 89: PHE, Nonterminal, was not found in name map.)
(Residue 90: HD4, Nonterminal, was not found in name map.)
(Residue 91: PHE, Nonterminal, was not found in name map.)
(Residue 92: HD5, Nonterminal, was not found in name map.)
(Residue 93: TRP, Nonterminal, was not found in name map.)
(Residue 94: GLY, Nonterminal, was not found in name map.)
(Residue 95: SER, Nonterminal, was not found in name map.)
(Residue 96: LEU, Nonterminal, was not found in name map.)
(Residue 97: ASP, Nonterminal, was not found in name map.)
(Residue 98: GLY, Nonterminal, was not found in name map.)
(Residue 99: GLN, Nonterminal, was not found in name map.)
(Residue 100: GLY, Nonterminal, was not found in name map.)
(Residue 101: SER, Nonterminal, was not found in name map.)
(Residue 102: GLU, Nonterminal, was not found in name map.)
(Residue 103: HID, Nonterminal, was not found in name map.)
(Residue 104: THR, Nonterminal, was not found in name map.)
(Residue 105: VAL, Nonterminal, was not found in name map.)
(Residue 106: ASP, Nonterminal, was not found in name map.)
(Residue 107: LYS, Nonterminal, was not found in name map.)
(Residue 108: LYS, Nonterminal, was not found in name map.)
(Residue 109: LYS, Nonterminal, was not found in name map.)
(Residue 110: TYR, Nonterminal, was not found in name map.)
(Residue 111: ALA, Nonterminal, was not found in name map.)
(Residue 112: ALA, Nonterminal, was not found in name map.)
(Residue 113: GLU, Nonterminal, was not found in name map.)
(Residue 114: LEU, Nonterminal, was not found in name map.)
(Residue 115: HE2, Nonterminal, was not found in name map.)
(Residue 116: LEU, Nonterminal, was not found in name map.)
(Residue 117: VAL, Nonterminal, was not found in name map.)
(Residue 118: HID, Nonterminal, was not found in name map.)
(Residue 119: TRP, Nonterminal, was not found in name map.)
(Residue 120: ASN, Nonterminal, was not found in name map.)
(Residue 121: THR, Nonterminal, was not found in name map.)
(Residue 122: LYS, Nonterminal, was not found in name map.)
(Residue 123: TYR, Nonterminal, was not found in name map.)
(Residue 124: GLY, Nonterminal, was not found in name map.)
(Residue 125: ASP, Nonterminal, was not found in name map.)
(Residue 126: PHE, Nonterminal, was not found in name map.)
(Residue 127: GLY, Nonterminal, was not found in name map.)
(Residue 128: LYS, Nonterminal, was not found in name map.)
(Residue 129: ALA, Nonterminal, was not found in name map.)
(Residue 130: VAL, Nonterminal, was not found in name map.)
(Residue 131: GLN, Nonterminal, was not found in name map.)
(Residue 132: GLN, Nonterminal, was not found in name map.)
(Residue 133: PRO, Nonterminal, was not found in name map.)
(Residue 134: ASP, Nonterminal, was not found in name map.)
(Residue 135: GLY, Nonterminal, was not found in name map.)
(Residue 136: LEU, Nonterminal, was not found in name map.)
(Residue 137: ALA, Nonterminal, was not found in name map.)
(Residue 138: VAL, Nonterminal, was not found in name map.)
(Residue 139: LEU, Nonterminal, was not found in name map.)
(Residue 140: GLY, Nonterminal, was not found in name map.)
(Residue 141: ILE, Nonterminal, was not found in name map.)
(Residue 142: PHE, Nonterminal, was not found in name map.)
(Residue 143: LEU, Nonterminal, was not found in name map.)
(Residue 144: LYS, Nonterminal, was not found in name map.)
(Residue 145: VAL, Nonterminal, was not found in name map.)
(Residue 146: GLY, Nonterminal, was not found in name map.)
(Residue 147: SER, Nonterminal, was not found in name map.)
(Residue 148: ALA, Nonterminal, was not found in name map.)
(Residue 149: LYS, Nonterminal, was not found in name map.)
(Residue 150: PRO, Nonterminal, was not found in name map.)
(Residue 151: GLY, Nonterminal, was not found in name map.)
(Residue 152: LEU, Nonterminal, was not found in name map.)
(Residue 153: GLN, Nonterminal, was not found in name map.)
(Residue 154: LYS, Nonterminal, was not found in name map.)
(Residue 155: VAL, Nonterminal, was not found in name map.)
(Residue 156: VAL, Nonterminal, was not found in name map.)
(Residue 157: ASP, Nonterminal, was not found in name map.)
(Residue 158: VAL, Nonterminal, was not found in name map.)
(Residue 159: LEU, Nonterminal, was not found in name map.)
(Residue 160: ASP, Nonterminal, was not found in name map.)
(Residue 161: SER, Nonterminal, was not found in name map.)
(Residue 162: ILE, Nonterminal, was not found in name map.)
(Residue 163: LYS, Nonterminal, was not found in name map.)
(Residue 164: THR, Nonterminal, was not found in name map.)
(Residue 165: LYS, Nonterminal, was not found in name map.)
(Residue 166: GLY, Nonterminal, was not found in name map.)
(Residue 167: LYS, Nonterminal, was not found in name map.)
(Residue 168: SER, Nonterminal, was not found in name map.)
(Residue 169: ALA, Nonterminal, was not found in name map.)
(Residue 170: ASP, Nonterminal, was not found in name map.)
(Residue 171: PHE, Nonterminal, was not found in name map.)
(Residue 172: THR, Nonterminal, was not found in name map.)
(Residue 173: ASN, Nonterminal, was not found in name map.)
(Residue 174: PHE, Nonterminal, was not found in name map.)
(Residue 175: ASP, Nonterminal, was not found in name map.)
(Residue 176: PRO, Nonterminal, was not found in name map.)
(Residue 177: ARG, Nonterminal, was not found in name map.)
(Residue 178: GLY, Nonterminal, was not found in name map.)
(Residue 179: LEU, Nonterminal, was not found in name map.)
(Residue 180: LEU, Nonterminal, was not found in name map.)
(Residue 181: PRO, Nonterminal, was not found in name map.)
(Residue 182: GLU, Nonterminal, was not found in name map.)
(Residue 183: SER, Nonterminal, was not found in name map.)
(Residue 184: LEU, Nonterminal, was not found in name map.)
(Residue 185: ASP, Nonterminal, was not found in name map.)
(Residue 186: TYR, Nonterminal, was not found in name map.)
(Residue 187: TRP, Nonterminal, was not found in name map.)
(Residue 188: THR, Nonterminal, was not found in name map.)
(Residue 189: TYR, Nonterminal, was not found in name map.)
(Residue 190: PRO, Nonterminal, was not found in name map.)
(Residue 191: GLY, Nonterminal, was not found in name map.)
(Residue 192: SER, Nonterminal, was not found in name map.)
(Residue 193: LEU, Nonterminal, was not found in name map.)
(Residue 194: THR, Nonterminal, was not found in name map.)
(Residue 195: THR, Nonterminal, was not found in name map.)
(Residue 196: PRO, Nonterminal, was not found in name map.)
(Residue 197: PRO, Nonterminal, was not found in name map.)
(Residue 198: LEU, Nonterminal, was not found in name map.)
(Residue 199: LEU, Nonterminal, was not found in name map.)
(Residue 200: GLU, Nonterminal, was not found in name map.)
(Residue 201: CYS, Nonterminal, was not found in name map.)
(Residue 202: VAL, Nonterminal, was not found in name map.)
(Residue 203: THR, Nonterminal, was not found in name map.)
(Residue 204: TRP, Nonterminal, was not found in name map.)
(Residue 205: ILE, Nonterminal, was not found in name map.)
(Residue 206: VAL, Nonterminal, was not found in name map.)
(Residue 207: LEU, Nonterminal, was not found in name map.)
(Residue 208: LYS, Nonterminal, was not found in name map.)
(Residue 209: GLU, Nonterminal, was not found in name map.)
(Residue 210: PRO, Nonterminal, was not found in name map.)
(Residue 211: ILE, Nonterminal, was not found in name map.)
(Residue 212: SER, Nonterminal, was not found in name map.)
(Residue 213: VAL, Nonterminal, was not found in name map.)
(Residue 214: SER, Nonterminal, was not found in name map.)
(Residue 215: SER, Nonterminal, was not found in name map.)
(Residue 216: GLU, Nonterminal, was not found in name map.)
(Residue 217: GLN, Nonterminal, was not found in name map.)
(Residue 218: VAL, Nonterminal, was not found in name map.)
(Residue 219: LEU, Nonterminal, was not found in name map.)
(Residue 220: LYS, Nonterminal, was not found in name map.)
(Residue 221: PHE, Nonterminal, was not found in name map.)
(Residue 222: ARG, Nonterminal, was not found in name map.)
(Residue 223: LYS, Nonterminal, was not found in name map.)
(Residue 224: LEU, Nonterminal, was not found in name map.)
(Residue 225: ASN, Nonterminal, was not found in name map.)
(Residue 226: PHE, Nonterminal, was not found in name map.)
(Residue 227: ASN, Nonterminal, was not found in name map.)
(Residue 228: GLY, Nonterminal, was not found in name map.)
(Residue 229: GLU, Nonterminal, was not found in name map.)
(Residue 230: GLY, Nonterminal, was not found in name map.)
(Residue 231: GLU, Nonterminal, was not found in name map.)
(Residue 232: PRO, Nonterminal, was not found in name map.)
(Residue 233: GLU, Nonterminal, was not found in name map.)
(Residue 234: GLU, Nonterminal, was not found in name map.)
(Residue 235: LEU, Nonterminal, was not found in name map.)
(Residue 236: MET, Nonterminal, was not found in name map.)
(Residue 237: VAL, Nonterminal, was not found in name map.)
(Residue 238: ASP, Nonterminal, was not found in name map.)
(Residue 239: ASN, Nonterminal, was not found in name map.)
(Residue 240: TRP, Nonterminal, was not found in name map.)
(Residue 241: ARG, Nonterminal, was not found in name map.)
(Residue 242: PRO, Nonterminal, was not found in name map.)
(Residue 243: ALA, Nonterminal, was not found in name map.)
(Residue 244: GLN, Nonterminal, was not found in name map.)
(Residue 245: PRO, Nonterminal, was not found in name map.)
(Residue 246: LEU, Nonterminal, was not found in name map.)
(Residue 247: LYS, Nonterminal, was not found in name map.)
(Residue 248: ASN, Nonterminal, was not found in name map.)
(Residue 249: ARG, Nonterminal, was not found in name map.)
(Residue 250: GLN, Nonterminal, was not found in name map.)
(Residue 251: ILE, Nonterminal, was not found in name map.)
(Residue 252: LYS, Nonterminal, was not found in name map.)
(Residue 253: ALA, Nonterminal, was not found in name map.)
(Residue 254: SER, Nonterminal, was not found in name map.)
(Residue 255: PHE, Nonterminal, was not found in name map.)
Mapped residue LYS, term: Terminal/last, seq. number: 256 to: CLYS.
(Residue 257: ZN6, Terminal/last, was not found in name map.)
(Residue 258: CO2, Terminal/last, was not found in name map.)
(Residue 259: CO2, Terminal/last, was not found in name map.)
(Residue 260: WAT, Terminal/beginning, was not found in name map.)
(Residue 261: WAT, Nonterminal, was not found in name map.)
(Residue 262: WAT, Nonterminal, was not found in name map.)
(Residue 263: WAT, Nonterminal, was not found in name map.)
(Residue 264: WAT, Nonterminal, was not found in name map.)
(Residue 265: WAT, Nonterminal, was not found in name map.)
(Residue 266: WAT, Nonterminal, was not found in name map.)
(Residue 267: WAT, Nonterminal, was not found in name map.)
(Residue 268: WAT, Nonterminal, was not found in name map.)
(Residue 269: WAT, Nonterminal, was not found in name map.)
(Residue 270: WAT, Nonterminal, was not found in name map.)
(Residue 271: WAT, Nonterminal, was not found in name map.)
(Residue 272: WAT, Nonterminal, was not found in name map.)
(Residue 273: WAT, Nonterminal, was not found in name map.)
(Residue 274: WAT, Nonterminal, was not found in name map.)
(Residue 275: WAT, Nonterminal, was not found in name map.)
(Residue 276: WAT, Nonterminal, was not found in name map.)
(Residue 277: WAT, Nonterminal, was not found in name map.)
(Residue 278: WAT, Nonterminal, was not found in name map.)
(Residue 279: WAT, Nonterminal, was not found in name map.)
(Residue 280: WAT, Nonterminal, was not found in name map.)
(Residue 281: WAT, Nonterminal, was not found in name map.)
(Residue 282: WAT, Nonterminal, was not found in name map.)
(Residue 283: WAT, Nonterminal, was not found in name map.)
(Residue 284: WAT, Nonterminal, was not found in name map.)
(Residue 285: WAT, Nonterminal, was not found in name map.)
(Residue 286: WAT, Nonterminal, was not found in name map.)
(Residue 287: WAT, Nonterminal, was not found in name map.)
(Residue 288: WAT, Nonterminal, was not found in name map.)
(Residue 289: WAT, Nonterminal, was not found in name map.)
(Residue 290: WAT, Nonterminal, was not found in name map.)
(Residue 291: WAT, Nonterminal, was not found in name map.)
(Residue 292: WAT, Nonterminal, was not found in name map.)
(Residue 293: WAT, Nonterminal, was not found in name map.)
(Residue 294: WAT, Nonterminal, was not found in name map.)
(Residue 295: WAT, Nonterminal, was not found in name map.)
(Residue 296: WAT, Nonterminal, was not found in name map.)
(Residue 297: WAT, Nonterminal, was not found in name map.)
(Residue 298: WAT, Nonterminal, was not found in name map.)
(Residue 299: WAT, Nonterminal, was not found in name map.)
(Residue 300: WAT, Nonterminal, was not found in name map.)
(Residue 301: WAT, Nonterminal, was not found in name map.)
(Residue 302: WAT, Nonterminal, was not found in name map.)
(Residue 303: WAT, Nonterminal, was not found in name map.)
(Residue 304: WAT, Nonterminal, was not found in name map.)
(Residue 305: WAT, Nonterminal, was not found in name map.)
(Residue 306: WAT, Nonterminal, was not found in name map.)
(Residue 307: WAT, Nonterminal, was not found in name map.)
(Residue 308: WAT, Nonterminal, was not found in name map.)
(Residue 309: WAT, Nonterminal, was not found in name map.)
(Residue 310: WAT, Nonterminal, was not found in name map.)
(Residue 311: WAT, Nonterminal, was not found in name map.)
(Residue 312: WAT, Nonterminal, was not found in name map.)
(Residue 313: WAT, Nonterminal, was not found in name map.)
(Residue 314: WT1, Nonterminal, was not found in name map.)
(Residue 315: WAT, Nonterminal, was not found in name map.)
(Residue 316: WAT, Nonterminal, was not found in name map.)
(Residue 317: WAT, Nonterminal, was not found in name map.)
(Residue 318: WAT, Nonterminal, was not found in name map.)
(Residue 319: WAT, Nonterminal, was not found in name map.)
(Residue 320: WAT, Nonterminal, was not found in name map.)
(Residue 321: WAT, Nonterminal, was not found in name map.)
(Residue 322: WAT, Nonterminal, was not found in name map.)
(Residue 323: WAT, Nonterminal, was not found in name map.)
(Residue 324: WAT, Nonterminal, was not found in name map.)
(Residue 325: WAT, Nonterminal, was not found in name map.)
(Residue 326: WAT, Nonterminal, was not found in name map.)
(Residue 327: WAT, Nonterminal, was not found in name map.)
(Residue 328: WAT, Nonterminal, was not found in name map.)
(Residue 329: WAT, Nonterminal, was not found in name map.)
(Residue 330: WAT, Nonterminal, was not found in name map.)
(Residue 331: WAT, Nonterminal, was not found in name map.)
(Residue 332: WAT, Nonterminal, was not found in name map.)
(Residue 333: WAT, Nonterminal, was not found in name map.)
(Residue 334: WAT, Nonterminal, was not found in name map.)
(Residue 335: WAT, Nonterminal, was not found in name map.)
(Residue 336: WAT, Nonterminal, was not found in name map.)
(Residue 337: WAT, Nonterminal, was not found in name map.)
(Residue 338: WAT, Nonterminal, was not found in name map.)
(Residue 339: WAT, Nonterminal, was not found in name map.)
(Residue 340: WAT, Nonterminal, was not found in name map.)
(Residue 341: WAT, Nonterminal, was not found in name map.)
(Residue 342: WAT, Nonterminal, was not found in name map.)
(Residue 343: WAT, Nonterminal, was not found in name map.)
(Residue 344: WAT, Nonterminal, was not found in name map.)
(Residue 345: WAT, Nonterminal, was not found in name map.)
(Residue 346: WAT, Nonterminal, was not found in name map.)
(Residue 347: WAT, Nonterminal, was not found in name map.)
(Residue 348: WAT, Nonterminal, was not found in name map.)
(Residue 349: WAT, Nonterminal, was not found in name map.)
(Residue 350: WAT, Nonterminal, was not found in name map.)
(Residue 351: WAT, Nonterminal, was not found in name map.)
(Residue 352: WAT, Nonterminal, was not found in name map.)
(Residue 353: WAT, Nonterminal, was not found in name map.)
(Residue 354: WAT, Nonterminal, was not found in name map.)
(Residue 355: WAT, Nonterminal, was not found in name map.)
(Residue 356: WAT, Nonterminal, was not found in name map.)
(Residue 357: WAT, Nonterminal, was not found in name map.)
(Residue 358: WAT, Nonterminal, was not found in name map.)
(Residue 359: WAT, Nonterminal, was not found in name map.)
(Residue 360: WAT, Nonterminal, was not found in name map.)
(Residue 361: WAT, Nonterminal, was not found in name map.)
(Residue 362: WAT, Nonterminal, was not found in name map.)
(Residue 363: WAT, Nonterminal, was not found in name map.)
(Residue 364: WAT, Nonterminal, was not found in name map.)
(Residue 365: WAT, Nonterminal, was not found in name map.)
(Residue 366: WAT, Nonterminal, was not found in name map.)
(Residue 367: WAT, Nonterminal, was not found in name map.)
(Residue 368: WAT, Nonterminal, was not found in name map.)
(Residue 369: WAT, Nonterminal, was not found in name map.)
(Residue 370: WAT, Nonterminal, was not found in name map.)
(Residue 371: WAT, Nonterminal, was not found in name map.)
(Residue 372: WAT, Nonterminal, was not found in name map.)
(Residue 373: WAT, Nonterminal, was not found in name map.)
(Residue 374: WAT, Nonterminal, was not found in name map.)
(Residue 375: WAT, Nonterminal, was not found in name map.)
(Residue 376: WAT, Nonterminal, was not found in name map.)
(Residue 377: WAT, Nonterminal, was not found in name map.)
(Residue 378: WAT, Nonterminal, was not found in name map.)
(Residue 379: WAT, Nonterminal, was not found in name map.)
(Residue 380: WAT, Nonterminal, was not found in name map.)
(Residue 381: WAT, Nonterminal, was not found in name map.)
(Residue 382: WAT, Nonterminal, was not found in name map.)
(Residue 383: WAT, Nonterminal, was not found in name map.)
(Residue 384: WAT, Nonterminal, was not found in name map.)
(Residue 385: WAT, Nonterminal, was not found in name map.)
(Residue 386: WAT, Nonterminal, was not found in name map.)
(Residue 387: WAT, Nonterminal, was not found in name map.)
(Residue 388: WAT, Nonterminal, was not found in name map.)
(Residue 389: WAT, Nonterminal, was not found in name map.)
(Residue 390: WAT, Nonterminal, was not found in name map.)
(Residue 391: WAT, Nonterminal, was not found in name map.)
(Residue 392: WAT, Nonterminal, was not found in name map.)
(Residue 393: WAT, Nonterminal, was not found in name map.)
(Residue 394: WAT, Nonterminal, was not found in name map.)
(Residue 395: WAT, Nonterminal, was not found in name map.)
(Residue 396: WAT, Nonterminal, was not found in name map.)
(Residue 397: WAT, Nonterminal, was not found in name map.)
(Residue 398: WAT, Nonterminal, was not found in name map.)
(Residue 399: WAT, Nonterminal, was not found in name map.)
(Residue 400: WAT, Nonterminal, was not found in name map.)
(Residue 401: WAT, Nonterminal, was not found in name map.)
(Residue 402: WAT, Nonterminal, was not found in name map.)
(Residue 403: WAT, Nonterminal, was not found in name map.)
(Residue 404: WAT, Nonterminal, was not found in name map.)
(Residue 405: WAT, Nonterminal, was not found in name map.)
(Residue 406: WAT, Nonterminal, was not found in name map.)
(Residue 407: WAT, Nonterminal, was not found in name map.)
(Residue 408: WAT, Nonterminal, was not found in name map.)
(Residue 409: WAT, Nonterminal, was not found in name map.)
(Residue 410: WAT, Nonterminal, was not found in name map.)
(Residue 411: WAT, Nonterminal, was not found in name map.)
(Residue 412: WAT, Nonterminal, was not found in name map.)
(Residue 413: WAT, Nonterminal, was not found in name map.)
(Residue 414: WAT, Nonterminal, was not found in name map.)
(Residue 415: WAT, Nonterminal, was not found in name map.)
(Residue 416: WAT, Nonterminal, was not found in name map.)
(Residue 417: WAT, Nonterminal, was not found in name map.)
(Residue 418: WAT, Nonterminal, was not found in name map.)
(Residue 419: WAT, Nonterminal, was not found in name map.)
(Residue 420: WAT, Nonterminal, was not found in name map.)
(Residue 421: WAT, Nonterminal, was not found in name map.)
(Residue 422: WAT, Nonterminal, was not found in name map.)
(Residue 423: WAT, Nonterminal, was not found in name map.)
(Residue 424: WAT, Nonterminal, was not found in name map.)
(Residue 425: WAT, Nonterminal, was not found in name map.)
(Residue 426: WAT, Nonterminal, was not found in name map.)
(Residue 427: WAT, Nonterminal, was not found in name map.)
(Residue 428: WAT, Nonterminal, was not found in name map.)
(Residue 429: WAT, Nonterminal, was not found in name map.)
(Residue 430: WAT, Nonterminal, was not found in name map.)
(Residue 431: WAT, Nonterminal, was not found in name map.)
(Residue 432: WAT, Nonterminal, was not found in name map.)
(Residue 433: WAT, Nonterminal, was not found in name map.)
(Residue 434: WAT, Nonterminal, was not found in name map.)
(Residue 435: WAT, Nonterminal, was not found in name map.)
(Residue 436: WAT, Nonterminal, was not found in name map.)
(Residue 437: WAT, Nonterminal, was not found in name map.)
(Residue 438: WAT, Nonterminal, was not found in name map.)
(Residue 439: WAT, Nonterminal, was not found in name map.)
(Residue 440: WAT, Nonterminal, was not found in name map.)
(Residue 441: WAT, Nonterminal, was not found in name map.)
(Residue 442: WAT, Nonterminal, was not found in name map.)
(Residue 443: WAT, Nonterminal, was not found in name map.)
(Residue 444: WAT, Nonterminal, was not found in name map.)
(Residue 445: WAT, Nonterminal, was not found in name map.)
(Residue 446: WAT, Nonterminal, was not found in name map.)
(Residue 447: WAT, Nonterminal, was not found in name map.)
(Residue 448: WAT, Nonterminal, was not found in name map.)
(Residue 449: WAT, Nonterminal, was not found in name map.)
(Residue 450: WAT, Nonterminal, was not found in name map.)
(Residue 451: WAT, Nonterminal, was not found in name map.)
(Residue 452: WAT, Nonterminal, was not found in name map.)
(Residue 453: WAT, Nonterminal, was not found in name map.)
(Residue 454: WAT, Nonterminal, was not found in name map.)
(Residue 455: WAT, Nonterminal, was not found in name map.)
(Residue 456: WAT, Nonterminal, was not found in name map.)
(Residue 457: WAT, Nonterminal, was not found in name map.)
(Residue 458: WAT, Nonterminal, was not found in name map.)
(Residue 459: WAT, Nonterminal, was not found in name map.)
(Residue 460: WAT, Nonterminal, was not found in name map.)
(Residue 461: WAT, Nonterminal, was not found in name map.)
(Residue 462: WAT, Nonterminal, was not found in name map.)
(Residue 463: WAT, Nonterminal, was not found in name map.)
(Residue 464: WAT, Nonterminal, was not found in name map.)
(Residue 465: WAT, Nonterminal, was not found in name map.)
(Residue 466: WAT, Nonterminal, was not found in name map.)
(Residue 467: WAT, Nonterminal, was not found in name map.)
(Residue 468: WAT, Nonterminal, was not found in name map.)
(Residue 469: WAT, Nonterminal, was not found in name map.)
(Residue 470: WAT, Nonterminal, was not found in name map.)
(Residue 471: WAT, Nonterminal, was not found in name map.)
(Residue 472: WAT, Nonterminal, was not found in name map.)
(Residue 473: WAT, Nonterminal, was not found in name map.)
(Residue 474: WAT, Nonterminal, was not found in name map.)
(Residue 475: WAT, Nonterminal, was not found in name map.)
(Residue 476: WAT, Nonterminal, was not found in name map.)
(Residue 477: WAT, Nonterminal, was not found in name map.)
(Residue 478: WAT, Nonterminal, was not found in name map.)
(Residue 479: WAT, Nonterminal, was not found in name map.)
(Residue 480: WAT, Nonterminal, was not found in name map.)
(Residue 481: WAT, Nonterminal, was not found in name map.)
(Residue 482: WAT, Nonterminal, was not found in name map.)
(Residue 483: WAT, Nonterminal, was not found in name map.)
(Residue 484: WAT, Nonterminal, was not found in name map.)
(Residue 485: WAT, Nonterminal, was not found in name map.)
(Residue 486: WAT, Nonterminal, was not found in name map.)
(Residue 487: WAT, Nonterminal, was not found in name map.)
(Residue 488: WAT, Nonterminal, was not found in name map.)
(Residue 489: WAT, Nonterminal, was not found in name map.)
(Residue 490: WAT, Nonterminal, was not found in name map.)
(Residue 491: WAT, Nonterminal, was not found in name map.)
(Residue 492: WAT, Nonterminal, was not found in name map.)
(Residue 493: WAT, Nonterminal, was not found in name map.)
(Residue 494: WAT, Nonterminal, was not found in name map.)
(Residue 495: WAT, Nonterminal, was not found in name map.)
(Residue 496: WAT, Nonterminal, was not found in name map.)
(Residue 497: WAT, Nonterminal, was not found in name map.)
(Residue 498: WAT, Nonterminal, was not found in name map.)
(Residue 499: WAT, Nonterminal, was not found in name map.)
(Residue 500: WAT, Nonterminal, was not found in name map.)
(Residue 501: WAT, Nonterminal, was not found in name map.)
(Residue 502: WAT, Nonterminal, was not found in name map.)
(Residue 503: WAT, Nonterminal, was not found in name map.)
(Residue 504: WAT, Nonterminal, was not found in name map.)
(Residue 505: WAT, Nonterminal, was not found in name map.)
(Residue 506: WAT, Nonterminal, was not found in name map.)
(Residue 507: WAT, Nonterminal, was not found in name map.)
(Residue 508: WAT, Nonterminal, was not found in name map.)
(Residue 509: WAT, Nonterminal, was not found in name map.)
(Residue 510: WAT, Nonterminal, was not found in name map.)
(Residue 511: WAT, Nonterminal, was not found in name map.)
(Residue 512: WAT, Nonterminal, was not found in name map.)
(Residue 513: WAT, Nonterminal, was not found in name map.)
(Residue 514: WAT, Nonterminal, was not found in name map.)
(Residue 515: WAT, Nonterminal, was not found in name map.)
(Residue 516: WAT, Nonterminal, was not found in name map.)
(Residue 517: WAT, Nonterminal, was not found in name map.)
(Residue 518: WAT, Nonterminal, was not found in name map.)
(Residue 519: WAT, Nonterminal, was not found in name map.)
(Residue 520: WAT, Nonterminal, was not found in name map.)
(Residue 521: WAT, Nonterminal, was not found in name map.)
(Residue 522: WAT, Nonterminal, was not found in name map.)
(Residue 523: WAT, Nonterminal, was not found in name map.)
(Residue 524: WAT, Nonterminal, was not found in name map.)
(Residue 525: WAT, Nonterminal, was not found in name map.)
(Residue 526: WAT, Nonterminal, was not found in name map.)
(Residue 527: WAT, Nonterminal, was not found in name map.)
(Residue 528: WAT, Nonterminal, was not found in name map.)
(Residue 529: WAT, Nonterminal, was not found in name map.)
(Residue 530: WAT, Nonterminal, was not found in name map.)
(Residue 531: WAT, Nonterminal, was not found in name map.)
(Residue 532: WAT, Nonterminal, was not found in name map.)
(Residue 533: WAT, Nonterminal, was not found in name map.)
(Residue 534: WAT, Nonterminal, was not found in name map.)
(Residue 535: WAT, Nonterminal, was not found in name map.)
(Residue 536: WAT, Nonterminal, was not found in name map.)
(Residue 537: WAT, Nonterminal, was not found in name map.)
(Residue 538: WAT, Nonterminal, was not found in name map.)
(Residue 539: WAT, Nonterminal, was not found in name map.)
(Residue 540: WAT, Nonterminal, was not found in name map.)
(Residue 541: WAT, Nonterminal, was not found in name map.)
(Residue 542: WAT, Nonterminal, was not found in name map.)
(Residue 543: WAT, Nonterminal, was not found in name map.)
(Residue 544: WAT, Nonterminal, was not found in name map.)
(Residue 545: WAT, Nonterminal, was not found in name map.)
(Residue 546: WAT, Nonterminal, was not found in name map.)
(Residue 547: WAT, Nonterminal, was not found in name map.)
(Residue 548: WAT, Nonterminal, was not found in name map.)
(Residue 549: WAT, Nonterminal, was not found in name map.)
(Residue 550: WAT, Nonterminal, was not found in name map.)
(Residue 551: WAT, Nonterminal, was not found in name map.)
(Residue 552: WAT, Nonterminal, was not found in name map.)
(Residue 553: WAT, Nonterminal, was not found in name map.)
(Residue 554: WAT, Nonterminal, was not found in name map.)
(Residue 555: WAT, Nonterminal, was not found in name map.)
(Residue 556: WAT, Nonterminal, was not found in name map.)
(Residue 557: WAT, Nonterminal, was not found in name map.)
(Residue 558: WAT, Nonterminal, was not found in name map.)
(Residue 559: WAT, Nonterminal, was not found in name map.)
(Residue 560: WAT, Nonterminal, was not found in name map.)
(Residue 561: WAT, Nonterminal, was not found in name map.)
(Residue 562: WAT, Nonterminal, was not found in name map.)
(Residue 563: WAT, Nonterminal, was not found in name map.)
(Residue 564: WAT, Nonterminal, was not found in name map.)
(Residue 565: WAT, Nonterminal, was not found in name map.)
(Residue 566: WAT, Nonterminal, was not found in name map.)
(Residue 567: WAT, Nonterminal, was not found in name map.)
(Residue 568: WAT, Nonterminal, was not found in name map.)
(Residue 569: WAT, Nonterminal, was not found in name map.)
(Residue 570: WAT, Nonterminal, was not found in name map.)
(Residue 571: WAT, Nonterminal, was not found in name map.)
(Residue 572: WAT, Nonterminal, was not found in name map.)
(Residue 573: WAT, Nonterminal, was not found in name map.)
(Residue 574: WAT, Nonterminal, was not found in name map.)
(Residue 575: WAT, Nonterminal, was not found in name map.)
(Residue 576: WAT, Nonterminal, was not found in name map.)
(Residue 577: WAT, Nonterminal, was not found in name map.)
(Residue 578: WAT, Nonterminal, was not found in name map.)
(Residue 579: WAT, Nonterminal, was not found in name map.)
(Residue 580: WAT, Nonterminal, was not found in name map.)
(Residue 581: WAT, Nonterminal, was not found in name map.)
(Residue 582: WAT, Nonterminal, was not found in name map.)
(Residue 583: WAT, Nonterminal, was not found in name map.)
(Residue 584: WAT, Nonterminal, was not found in name map.)
(Residue 585: WAT, Nonterminal, was not found in name map.)
(Residue 586: WAT, Nonterminal, was not found in name map.)
(Residue 587: WAT, Nonterminal, was not found in name map.)
(Residue 588: WAT, Nonterminal, was not found in name map.)
(Residue 589: WAT, Nonterminal, was not found in name map.)
(Residue 590: WAT, Nonterminal, was not found in name map.)
(Residue 591: WAT, Nonterminal, was not found in name map.)
(Residue 592: WAT, Nonterminal, was not found in name map.)
(Residue 593: WAT, Nonterminal, was not found in name map.)
(Residue 594: WAT, Nonterminal, was not found in name map.)
(Residue 595: WAT, Nonterminal, was not found in name map.)
(Residue 596: WAT, Nonterminal, was not found in name map.)
(Residue 597: WAT, Nonterminal, was not found in name map.)
(Residue 598: WAT, Nonterminal, was not found in name map.)
(Residue 599: WAT, Nonterminal, was not found in name map.)
(Residue 600: WAT, Nonterminal, was not found in name map.)
(Residue 601: WAT, Nonterminal, was not found in name map.)
(Residue 602: WAT, Nonterminal, was not found in name map.)
(Residue 603: WAT, Nonterminal, was not found in name map.)
(Residue 604: WAT, Nonterminal, was not found in name map.)
(Residue 605: WAT, Nonterminal, was not found in name map.)
(Residue 606: WAT, Nonterminal, was not found in name map.)
(Residue 607: WAT, Nonterminal, was not found in name map.)
(Residue 608: WAT, Nonterminal, was not found in name map.)
(Residue 609: WAT, Nonterminal, was not found in name map.)
(Residue 610: WAT, Nonterminal, was not found in name map.)
(Residue 611: WAT, Nonterminal, was not found in name map.)
(Residue 612: WAT, Nonterminal, was not found in name map.)
(Residue 613: WAT, Nonterminal, was not found in name map.)
(Residue 614: WAT, Nonterminal, was not found in name map.)
(Residue 615: WAT, Nonterminal, was not found in name map.)
(Residue 616: WAT, Nonterminal, was not found in name map.)
(Residue 617: WAT, Nonterminal, was not found in name map.)
(Residue 618: WAT, Nonterminal, was not found in name map.)
(Residue 619: WAT, Nonterminal, was not found in name map.)
(Residue 620: WAT, Nonterminal, was not found in name map.)
(Residue 621: WAT, Nonterminal, was not found in name map.)
(Residue 622: WAT, Nonterminal, was not found in name map.)
(Residue 623: WAT, Nonterminal, was not found in name map.)
(Residue 624: WAT, Nonterminal, was not found in name map.)
(Residue 625: WAT, Nonterminal, was not found in name map.)
(Residue 626: WAT, Nonterminal, was not found in name map.)
(Residue 627: WAT, Nonterminal, was not found in name map.)
(Residue 628: WAT, Nonterminal, was not found in name map.)
(Residue 629: WAT, Nonterminal, was not found in name map.)
(Residue 630: WAT, Nonterminal, was not found in name map.)
(Residue 631: WAT, Nonterminal, was not found in name map.)
(Residue 632: WAT, Nonterminal, was not found in name map.)
(Residue 633: WAT, Nonterminal, was not found in name map.)
(Residue 634: WAT, Nonterminal, was not found in name map.)
(Residue 635: WAT, Nonterminal, was not found in name map.)
(Residue 636: WAT, Nonterminal, was not found in name map.)
(Residue 637: WAT, Nonterminal, was not found in name map.)
(Residue 638: WAT, Nonterminal, was not found in name map.)
(Residue 639: WAT, Nonterminal, was not found in name map.)
(Residue 640: WAT, Nonterminal, was not found in name map.)
(Residue 641: WAT, Nonterminal, was not found in name map.)
(Residue 642: WAT, Nonterminal, was not found in name map.)
(Residue 643: WAT, Nonterminal, was not found in name map.)
(Residue 644: WAT, Nonterminal, was not found in name map.)
(Residue 645: WAT, Nonterminal, was not found in name map.)
(Residue 646: WAT, Nonterminal, was not found in name map.)
(Residue 647: WAT, Nonterminal, was not found in name map.)
(Residue 648: WAT, Nonterminal, was not found in name map.)
(Residue 649: WAT, Nonterminal, was not found in name map.)
(Residue 650: WAT, Nonterminal, was not found in name map.)
(Residue 651: WAT, Nonterminal, was not found in name map.)
(Residue 652: WAT, Nonterminal, was not found in name map.)
(Residue 653: WAT, Nonterminal, was not found in name map.)
(Residue 654: WAT, Nonterminal, was not found in name map.)
(Residue 655: WAT, Nonterminal, was not found in name map.)
(Residue 656: WAT, Nonterminal, was not found in name map.)
(Residue 657: WAT, Nonterminal, was not found in name map.)
(Residue 658: WAT, Nonterminal, was not found in name map.)
(Residue 659: WAT, Nonterminal, was not found in name map.)
(Residue 660: WAT, Nonterminal, was not found in name map.)
(Residue 661: WAT, Nonterminal, was not found in name map.)
(Residue 662: WAT, Nonterminal, was not found in name map.)
(Residue 663: WAT, Nonterminal, was not found in name map.)
(Residue 664: WAT, Nonterminal, was not found in name map.)
(Residue 665: WAT, Nonterminal, was not found in name map.)
(Residue 666: WAT, Nonterminal, was not found in name map.)
(Residue 667: WAT, Nonterminal, was not found in name map.)
(Residue 668: WAT, Nonterminal, was not found in name map.)
(Residue 669: WAT, Nonterminal, was not found in name map.)
(Residue 670: WAT, Nonterminal, was not found in name map.)
(Residue 671: WAT, Nonterminal, was not found in name map.)
(Residue 672: WAT, Nonterminal, was not found in name map.)
(Residue 673: WAT, Nonterminal, was not found in name map.)
(Residue 674: WAT, Nonterminal, was not found in name map.)
(Residue 675: WAT, Nonterminal, was not found in name map.)
(Residue 676: WAT, Nonterminal, was not found in name map.)
(Residue 677: WAT, Nonterminal, was not found in name map.)
(Residue 678: WAT, Nonterminal, was not found in name map.)
(Residue 679: WAT, Nonterminal, was not found in name map.)
(Residue 680: WAT, Nonterminal, was not found in name map.)
(Residue 681: WAT, Nonterminal, was not found in name map.)
(Residue 682: WAT, Nonterminal, was not found in name map.)
(Residue 683: WAT, Nonterminal, was not found in name map.)
(Residue 684: WAT, Nonterminal, was not found in name map.)
(Residue 685: WAT, Nonterminal, was not found in name map.)
(Residue 686: WAT, Nonterminal, was not found in name map.)
(Residue 687: WAT, Nonterminal, was not found in name map.)
(Residue 688: WAT, Terminal/last, was not found in name map.)
Joining NHIE - TRP
Joining TRP - GLY
Joining GLY - TYR
Joining TYR - GLY
Joining GLY - LYS
Joining LYS - HIE
Joining HIE - ASN
Joining ASN - GLY
Joining GLY - PRO
Joining PRO - GLU
Joining GLU - HID
Joining HID - TRP
Joining TRP - HIE
Joining HIE - LYS
Joining LYS - ASP
Joining ASP - PHE
Joining PHE - PRO
Joining PRO - ILE
Joining ILE - ALA
Joining ALA - LYS
Joining LYS - GLY
Joining GLY - GLU
Joining GLU - ARG
Joining ARG - GLN
Joining GLN - SER
Joining SER - PRO
Joining PRO - VAL
Joining VAL - ASP
Joining ASP - ILE
Joining ILE - ASP
Joining ASP - THR
Joining THR - HID
Joining HID - THR
Joining THR - ALA
Joining ALA - LYS
Joining LYS - TYR
Joining TYR - ASP
Joining ASP - PRO
Joining PRO - SER
Joining SER - LEU
Joining LEU - LYS
Joining LYS - PRO
Joining PRO - LEU
Joining LEU - SER
Joining SER - VAL
Joining VAL - SER
Joining SER - TYR
Joining TYR - ASP
Joining ASP - GLN
Joining GLN - ALA
Joining ALA - THR
Joining THR - SER
Joining SER - LEU
Joining LEU - ARG
Joining ARG - ILE
Joining ILE - LEU
Joining LEU - ASN
Joining ASN - ASN
Joining ASN - GLY
Joining GLY - HID
Joining HID - ALA
Joining ALA - PHE
Joining PHE - ASN
Joining ASN - VAL
Joining VAL - GLU
Joining GLU - PHE
Joining PHE - ASP
Joining ASP - ASP
Joining ASP - SER
Joining SER - GLN
Joining GLN - ASP
Joining ASP - LYS
Joining LYS - ALA
Joining ALA - VAL
Joining VAL - LEU
Joining LEU - LYS
Joining LYS - GLY
Joining GLY - GLY
Joining GLY - PRO
Joining PRO - LEU
Joining LEU - ASP
Joining ASP - GLY
Joining GLY - THR
Joining THR - TYR
Joining TYR - ARG
Joining ARG - LEU
Joining LEU - ILE
Joining ILE - GLN
Joining GLN - PHE
Joining PHE - HD4
Joining HD4 - PHE
Joining PHE - HD5
Joining HD5 - TRP
Joining TRP - GLY
Joining GLY - SER
Joining SER - LEU
Joining LEU - ASP
Joining ASP - GLY
Joining GLY - GLN
Joining GLN - GLY
Joining GLY - SER
Joining SER - GLU
Joining GLU - HID
Joining HID - THR
Joining THR - VAL
Joining VAL - ASP
Joining ASP - LYS
Joining LYS - LYS
Joining LYS - LYS
Joining LYS - TYR
Joining TYR - ALA
Joining ALA - ALA
Joining ALA - GLU
Joining GLU - LEU
Joining LEU - HE2
Joining HE2 - LEU
Joining LEU - VAL
Joining VAL - HID
Joining HID - TRP
Joining TRP - ASN
Joining ASN - THR
Joining THR - LYS
Joining LYS - TYR
Joining TYR - GLY
Joining GLY - ASP
Joining ASP - PHE
Joining PHE - GLY
Joining GLY - LYS
Joining LYS - ALA
Joining ALA - VAL
Joining VAL - GLN
Joining GLN - GLN
Joining GLN - PRO
Joining PRO - ASP
Joining ASP - GLY
Joining GLY - LEU
Joining LEU - ALA
Joining ALA - VAL
Joining VAL - LEU
Joining LEU - GLY
Joining GLY - ILE
Joining ILE - PHE
Joining PHE - LEU
Joining LEU - LYS
Joining LYS - VAL
Joining VAL - GLY
Joining GLY - SER
Joining SER - ALA
Joining ALA - LYS
Joining LYS - PRO
Joining PRO - GLY
Joining GLY - LEU
Joining LEU - GLN
Joining GLN - LYS
Joining LYS - VAL
Joining VAL - VAL
Joining VAL - ASP
Joining ASP - VAL
Joining VAL - LEU
Joining LEU - ASP
Joining ASP - SER
Joining SER - ILE
Joining ILE - LYS
Joining LYS - THR
Joining THR - LYS
Joining LYS - GLY
Joining GLY - LYS
Joining LYS - SER
Joining SER - ALA
Joining ALA - ASP
Joining ASP - PHE
Joining PHE - THR
Joining THR - ASN
Joining ASN - PHE
Joining PHE - ASP
Joining ASP - PRO
Joining PRO - ARG
Joining ARG - GLY
Joining GLY - LEU
Joining LEU - LEU
Joining LEU - PRO
Joining PRO - GLU
Joining GLU - SER
Joining SER - LEU
Joining LEU - ASP
Joining ASP - TYR
Joining TYR - TRP
Joining TRP - THR
Joining THR - TYR
Joining TYR - PRO
Joining PRO - GLY
Joining GLY - SER
Joining SER - LEU
Joining LEU - THR
Joining THR - THR
Joining THR - PRO
Joining PRO - PRO
Joining PRO - LEU
Joining LEU - LEU
Joining LEU - GLU
Joining GLU - CYS
Joining CYS - VAL
Joining VAL - THR
Joining THR - TRP
Joining TRP - ILE
Joining ILE - VAL
Joining VAL - LEU
Joining LEU - LYS
Joining LYS - GLU
Joining GLU - PRO
Joining PRO - ILE
Joining ILE - SER
Joining SER - VAL
Joining VAL - SER
Joining SER - SER
Joining SER - GLU
Joining GLU - GLN
Joining GLN - VAL
Joining VAL - LEU
Joining LEU - LYS
Joining LYS - PHE
Joining PHE - ARG
Joining ARG - LYS
Joining LYS - LEU
Joining LEU - ASN
Joining ASN - PHE
Joining PHE - ASN
Joining ASN - GLY
Joining GLY - GLU
Joining GLU - GLY
Joining GLY - GLU
Joining GLU - PRO
Joining PRO - GLU
Joining GLU - GLU
Joining GLU - LEU
Joining LEU - MET
Joining MET - VAL
Joining VAL - ASP
Joining ASP - ASN
Joining ASN - TRP
Joining TRP - ARG
Joining ARG - PRO
Joining PRO - ALA
Joining ALA - GLN
Joining GLN - PRO
Joining PRO - LEU
Joining LEU - LYS
Joining LYS - ASN
Joining ASN - ARG
Joining ARG - GLN
Joining GLN - ILE
Joining ILE - LYS
Joining LYS - ALA
Joining ALA - SER
Joining SER - PHE
Joining PHE - CLYS
Starting new chain with TP3
Starting new chain with TP3
Starting new chain with TP3
Starting new chain with TP3
Starting new chain with TP3
Starting new chain with TP3
Starting new chain with TP3
Starting new chain with TP3
Starting new chain with TP3
Starting new chain with TP3
Starting new chain with TP3
Starting new chain with TP3
Starting new chain with TP3
Starting new chain with TP3
Starting new chain with TP3
Starting new chain with TP3
Starting new chain with TP3
Starting new chain with TP3
Starting new chain with TP3
Starting new chain with TP3
Starting new chain with TP3
Starting new chain with TP3
Starting new chain with TP3
Starting new chain with TP3
Starting new chain with TP3
Starting new chain with TP3
Starting new chain with TP3
Starting new chain with TP3
Starting new chain with TP3
Starting new chain with TP3
Starting new chain with TP3
Starting new chain with TP3
Starting new chain with TP3
Starting new chain with TP3
Starting new chain with TP3
Starting new chain with TP3
Starting new chain with TP3
Starting new chain with TP3
Starting new chain with TP3
Starting new chain with TP3
Starting new chain with TP3
Starting new chain with TP3
Starting new chain with TP3
Starting new chain with TP3
Starting new chain with TP3
Starting new chain with TP3
Starting new chain with TP3
Starting new chain with TP3
Starting new chain with TP3
Starting new chain with TP3
Starting new chain with TP3
Starting new chain with TP3
Starting new chain with TP3
One sided connection. Residue: default_name missing connect1 atom.
One sided connection. Residue: TP3 missing connect0 atom.
Starting new chain with TP3
Starting new chain with TP3
Starting new chain with TP3
Starting new chain with TP3
Starting new chain with TP3
Starting new chain with TP3
Starting new chain with TP3
Starting new chain with TP3
Starting new chain with TP3
Starting new chain with TP3
Starting new chain with TP3
Starting new chain with TP3
Starting new chain with TP3
Starting new chain with TP3
Starting new chain with TP3
Starting new chain with TP3
Starting new chain with TP3
Starting new chain with TP3
Starting new chain with TP3
Starting new chain with TP3
Starting new chain with TP3
Starting new chain with TP3
Starting new chain with TP3
Starting new chain with TP3
Starting new chain with TP3
Starting new chain with TP3
Starting new chain with TP3
Starting new chain with TP3
Starting new chain with TP3
Starting new chain with TP3
Starting new chain with TP3
Starting new chain with TP3
Starting new chain with TP3
Starting new chain with TP3
Starting new chain with TP3
Starting new chain with TP3
Starting new chain with TP3
Starting new chain with TP3
Starting new chain with TP3
Starting new chain with TP3
Starting new chain with TP3
Starting new chain with TP3
Starting new chain with TP3
Starting new chain with TP3
Starting new chain with TP3
Starting new chain with TP3
Starting new chain with TP3
Starting new chain with TP3
Starting new chain with TP3
Starting new chain with TP3
Starting new chain with TP3
Starting new chain with TP3
Starting new chain with TP3
Starting new chain with TP3
Starting new chain with TP3
Starting new chain with TP3
Starting new chain with TP3
Starting new chain with TP3
Starting new chain with TP3
Starting new chain with TP3
Starting new chain with TP3
Starting new chain with TP3
Starting new chain with TP3
Starting new chain with TP3
Starting new chain with TP3
Starting new chain with TP3
Starting new chain with TP3
Starting new chain with TP3
Starting new chain with TP3
Starting new chain with TP3
Starting new chain with TP3
Starting new chain with TP3
Starting new chain with TP3
Starting new chain with TP3
Starting new chain with TP3
Starting new chain with TP3
Starting new chain with TP3
Starting new chain with TP3
Starting new chain with TP3
Starting new chain with TP3
Starting new chain with TP3
Starting new chain with TP3
Starting new chain with TP3
Starting new chain with TP3
Starting new chain with TP3
Starting new chain with TP3
Starting new chain with TP3
Starting new chain with TP3
Starting new chain with TP3
Starting new chain with TP3
Starting new chain with TP3
Starting new chain with TP3
Starting new chain with TP3
Starting new chain with TP3
Starting new chain with TP3
Starting new chain with TP3
Starting new chain with TP3
Starting new chain with TP3
Starting new chain with TP3
Starting new chain with TP3
Starting new chain with TP3
Starting new chain with TP3
Starting new chain with TP3
Starting new chain with TP3
Starting new chain with TP3
Starting new chain with TP3
Starting new chain with TP3
Starting new chain with TP3
Starting new chain with TP3
Starting new chain with TP3
Starting new chain with TP3
Starting new chain with TP3
Starting new chain with TP3
Starting new chain with TP3
Starting new chain with TP3
Starting new chain with TP3
Starting new chain with TP3
Starting new chain with TP3
Starting new chain with TP3
Starting new chain with TP3
Starting new chain with TP3
Starting new chain with TP3
Starting new chain with TP3
Starting new chain with TP3
Starting new chain with TP3
Starting new chain with TP3
Starting new chain with TP3
Starting new chain with TP3
Starting new chain with TP3
Starting new chain with TP3
Starting new chain with TP3
Starting new chain with TP3
Starting new chain with TP3
Starting new chain with TP3
Starting new chain with TP3
Starting new chain with TP3
Starting new chain with TP3
Starting new chain with TP3
Starting new chain with TP3
Starting new chain with TP3
Starting new chain with TP3
Starting new chain with TP3
Starting new chain with TP3
Starting new chain with TP3
Starting new chain with TP3
Starting new chain with TP3
Starting new chain with TP3
Starting new chain with TP3
Starting new chain with TP3
Starting new chain with TP3
Starting new chain with TP3
Starting new chain with TP3
Starting new chain with TP3
Starting new chain with TP3
Starting new chain with TP3
Starting new chain with TP3
Starting new chain with TP3
Starting new chain with TP3
Starting new chain with TP3
Starting new chain with TP3
Starting new chain with TP3
Starting new chain with TP3
Starting new chain with TP3
Starting new chain with TP3
Starting new chain with TP3
Starting new chain with TP3
Starting new chain with TP3
Starting new chain with TP3
Starting new chain with TP3
Starting new chain with TP3
Starting new chain with TP3
Starting new chain with TP3
Starting new chain with TP3
Starting new chain with TP3
Starting new chain with TP3
Starting new chain with TP3
Starting new chain with TP3
Starting new chain with TP3
Starting new chain with TP3
Starting new chain with TP3
Starting new chain with TP3
Starting new chain with TP3
Starting new chain with TP3
Starting new chain with TP3
Starting new chain with TP3
Starting new chain with TP3
Starting new chain with TP3
Starting new chain with TP3
Starting new chain with TP3
Starting new chain with TP3
Starting new chain with TP3
Starting new chain with TP3
Starting new chain with TP3
Starting new chain with TP3
Starting new chain with TP3
Starting new chain with TP3
Starting new chain with TP3
Starting new chain with TP3
Starting new chain with TP3
Starting new chain with TP3
Starting new chain with TP3
Starting new chain with TP3
Starting new chain with TP3
Starting new chain with TP3
Starting new chain with TP3
Starting new chain with TP3
Starting new chain with TP3
Starting new chain with TP3
Starting new chain with TP3
Starting new chain with TP3
Starting new chain with TP3
Starting new chain with TP3
Starting new chain with TP3
Starting new chain with TP3
Starting new chain with TP3
Starting new chain with TP3
Starting new chain with TP3
Starting new chain with TP3
Starting new chain with TP3
Starting new chain with TP3
Starting new chain with TP3
Starting new chain with TP3
Starting new chain with TP3
Starting new chain with TP3
Starting new chain with TP3
Starting new chain with TP3
Starting new chain with TP3
Starting new chain with TP3
Starting new chain with TP3
Starting new chain with TP3
Starting new chain with TP3
Starting new chain with TP3
Starting new chain with TP3
Starting new chain with TP3
Starting new chain with TP3
Starting new chain with TP3
Starting new chain with TP3
Starting new chain with TP3
Starting new chain with TP3
Starting new chain with TP3
Starting new chain with TP3
Starting new chain with TP3
Starting new chain with TP3
Starting new chain with TP3
Starting new chain with TP3
Starting new chain with TP3
Starting new chain with TP3
Starting new chain with TP3
Starting new chain with TP3
Starting new chain with TP3
Starting new chain with TP3
Starting new chain with TP3
Starting new chain with TP3
Starting new chain with TP3
Starting new chain with TP3
Starting new chain with TP3
Starting new chain with TP3
Starting new chain with TP3
Starting new chain with TP3
Starting new chain with TP3
Starting new chain with TP3
Starting new chain with TP3
Starting new chain with TP3
Starting new chain with TP3
Starting new chain with TP3
Starting new chain with TP3
Starting new chain with TP3
Starting new chain with TP3
Starting new chain with TP3
Starting new chain with TP3
Starting new chain with TP3
Starting new chain with TP3
Starting new chain with TP3
Starting new chain with TP3
Starting new chain with TP3
Starting new chain with TP3
Starting new chain with TP3
Starting new chain with TP3
Starting new chain with TP3
Starting new chain with TP3
Starting new chain with TP3
Starting new chain with TP3
Starting new chain with TP3
Starting new chain with TP3
Starting new chain with TP3
Starting new chain with TP3
Starting new chain with TP3
Starting new chain with TP3
Starting new chain with TP3
Starting new chain with TP3
Starting new chain with TP3
Starting new chain with TP3
Starting new chain with TP3
Starting new chain with TP3
Starting new chain with TP3
Starting new chain with TP3
Starting new chain with TP3
Starting new chain with TP3
Starting new chain with TP3
Starting new chain with TP3
Starting new chain with TP3
Starting new chain with TP3
Starting new chain with TP3
Starting new chain with TP3
Starting new chain with TP3
Starting new chain with TP3
Starting new chain with TP3
Starting new chain with TP3
Starting new chain with TP3
Starting new chain with TP3
Starting new chain with TP3
Starting new chain with TP3
Starting new chain with TP3
Starting new chain with TP3
Starting new chain with TP3
Starting new chain with TP3
Starting new chain with TP3
Starting new chain with TP3
Starting new chain with TP3
Starting new chain with TP3
Starting new chain with TP3
Starting new chain with TP3
Starting new chain with TP3
Starting new chain with TP3
Starting new chain with TP3
Starting new chain with TP3
Starting new chain with TP3
Starting new chain with TP3
Starting new chain with TP3
Starting new chain with TP3
Starting new chain with TP3
Starting new chain with TP3
Starting new chain with TP3
Starting new chain with TP3
Starting new chain with TP3
Starting new chain with TP3
Starting new chain with TP3
Starting new chain with TP3
Starting new chain with TP3
Starting new chain with TP3
Starting new chain with TP3
Starting new chain with TP3
Starting new chain with TP3
Starting new chain with TP3
Starting new chain with TP3
Starting new chain with TP3
Starting new chain with TP3
Starting new chain with TP3
Starting new chain with TP3
Starting new chain with TP3
Starting new chain with TP3
Starting new chain with TP3
Starting new chain with TP3
Starting new chain with TP3
Starting new chain with TP3
Starting new chain with TP3
Starting new chain with TP3
Starting new chain with TP3
Starting new chain with TP3
Starting new chain with TP3
Starting new chain with TP3
Starting new chain with TP3
Starting new chain with TP3
Starting new chain with TP3
Starting new chain with TP3
Starting new chain with TP3
Starting new chain with TP3
Starting new chain with TP3
Starting new chain with TP3
Starting new chain with TP3
Starting new chain with TP3
Starting new chain with TP3
Starting new chain with TP3
  total atoms in file: 4411
  Leap added 937 missing atoms according to residue templates:
       937 H / lone pairs
> bond c.261.ZN c.94.NE2  ## HID NE2
> bond c.261.ZN c.96.NE2  ## HID NE2
> bond c.261.ZN c.119.ND2 ## HIE ND2
bond: Argument #2 is type String must be of type: [atom]
usage:  bond <atom1> <atom2> [order]
> bond c.261.ZN c.318.O   ## WAT O
> savepdb c 5Y2S_vac.pdb
Writing pdb file: 5Y2S_vac.pdb
 Converting N-terminal residue name to PDB format: NHIE -> HIE
 Converting C-terminal residue name to PDB format: CLYS -> LYS
> saveamberparm c 5Y2S_vac.prmtop 5Y2S_vac.inpcrd
Checking Unit.
WARNING: The unperturbed charge of the unit: 0.997990 is not zero.

 -- ignoring the warning.

Building topology.
Building atom parameters.
Building bond parameters.
Building angle parameters.
Building proper torsion parameters.
1-4: angle 4063 4064 duplicates bond ('triangular' bond) or angle ('square' bond)

1-4: angle 4062 4064 duplicates bond ('triangular' bond) or angle ('square' bond)

1-4: angle 4062 4063 duplicates bond ('triangular' bond) or angle ('square' bond)

Building improper torsion parameters.
 ** Warning: No sp2 improper torsion term for  C*-CN-CB-CA
        atoms are: CG CE2 CD2 CE3
 ** Warning: No sp2 improper torsion term for  NA-CA-CN-CB
        atoms are: NE1 CZ2 CE2 CD2
 ** Warning: No sp2 improper torsion term for  C*-CN-CB-CA
        atoms are: CG CE2 CD2 CE3
 ** Warning: No sp2 improper torsion term for  NA-CA-CN-CB
        atoms are: NE1 CZ2 CE2 CD2
 ** Warning: No sp2 improper torsion term for  C*-CN-CB-CA
        atoms are: CG CE2 CD2 CE3
 ** Warning: No sp2 improper torsion term for  NA-CA-CN-CB
        atoms are: NE1 CZ2 CE2 CD2
 ** Warning: No sp2 improper torsion term for  C*-CN-CB-CA
        atoms are: CG CE2 CD2 CE3
 ** Warning: No sp2 improper torsion term for  NA-CA-CN-CB
        atoms are: NE1 CZ2 CE2 CD2
 ** Warning: No sp2 improper torsion term for  C*-CN-CB-CA
        atoms are: CG CE2 CD2 CE3
 ** Warning: No sp2 improper torsion term for  NA-CA-CN-CB
        atoms are: NE1 CZ2 CE2 CD2
 ** Warning: No sp2 improper torsion term for  C*-CN-CB-CA
        atoms are: CG CE2 CD2 CE3
 ** Warning: No sp2 improper torsion term for  NA-CA-CN-CB
        atoms are: NE1 CZ2 CE2 CD2
 ** Warning: No sp2 improper torsion term for  C*-CN-CB-CA
        atoms are: CG CE2 CD2 CE3
 ** Warning: No sp2 improper torsion term for  NA-CA-CN-CB
        atoms are: NE1 CZ2 CE2 CD2
old PREP-specified impropers:
 <HD4 94>:  -M   CA   N    H   
 <HD4 94>:  CA   +M   C    O   
 <HD4 94>:  CG   CE1  ND1  HD1 
 <HD4 94>:  CG   NE2  CD2  HD2 
 <HD4 94>:  ND1  NE2  CE1  HE1 
 <HD4 94>:  ND1  CD2  CG   CB  
 <HD5 96>:  -M   CA   N    H   
 <HD5 96>:  CA   +M   C    O   
 <HD5 96>:  CG   CE1  ND1  HD1 
 <HD5 96>:  CG   NE2  CD2  HD2 
 <HD5 96>:  ND1  NE2  CE1  HE1 
 <HD5 96>:  ND1  CD2  CG   CB  
 <HE2 119>:  -M   CA   N    H   
 <HE2 119>:  CA   +M   C    O   
 <HE2 119>:  CE1  CD2  NE2  HE2 
 <HE2 119>:  CG   NE2  CD2  HD2 
 <HE2 119>:  ND1  NE2  CE1  HE1 
 <HE2 119>:  ND1  CD2  CG   CB  
 total 828 improper torsions applied
 18 improper torsions in old prep form
Building H-Bond parameters.
Incorporating Non-Bonded adjustments.
Not Marking per-residue atom chain types.
Marking per-residue atom chain types.
  (Residues lacking connect0/connect1 - 
   these don't have chain types marked:

	res	total affected

	CLYS	1
	CO2	2
	NHIE	1
	WAT	428
  )
 (no restraints)
> addions c CL 0.0
1 CL ion required to neutralize.
Adding 1 counter ions to "c" using 1A grid
Total solute charge:   1.00  Max atom radius:   2.00
Grid extends from solute vdw + 2.51  to  8.51
Box:
   enclosing:  -17.77 -29.21 -19.34   45.81 32.02 52.82
   sized:			      110.23 98.79 108.66
   edge:        128.00
Resolution:      1.00 Angstrom.
Tree depth: 7
grid build: 0 sec
Volume =  2.62% of box, grid points 54989
Solvent present: replacing closest with ion
	 when steric overlaps occur
Calculating grid charges
charges: 4 sec
(No solvent overlap)
Placed CL in c at (4.23, -19.21, 19.66).

Done adding ions.
> solvatebox c TIP3PBOX 12.0
  Solute vdw bounding box:              55.204 48.353 59.359
  Total bounding box for atom centers:  79.204 72.353 83.359
  Solvent unit box:                     18.774 18.774 18.774
The number of boxes:  x= 5  y= 4  z= 5
Adding box at: x=0  y=0  z=0
Center of solvent box is: 37.548698, 28.161524, 37.548698
Adding box at: x=0  y=0  z=1
Center of solvent box is: 37.548698, 28.161524, 18.774349
Adding box at: x=0  y=0  z=2
Center of solvent box is: 37.548698, 28.161524, 0.000000
Adding box at: x=0  y=0  z=3
Center of solvent box is: 37.548698, 28.161524, -18.774349
Adding box at: x=0  y=0  z=4
Center of solvent box is: 37.548698, 28.161524, -37.548698
Adding box at: x=0  y=1  z=0
Center of solvent box is: 37.548698, 9.387175, 37.548698
Adding box at: x=0  y=1  z=1
Center of solvent box is: 37.548698, 9.387175, 18.774349
Adding box at: x=0  y=1  z=2
Center of solvent box is: 37.548698, 9.387175, 0.000000
Adding box at: x=0  y=1  z=3
Center of solvent box is: 37.548698, 9.387175, -18.774349
Adding box at: x=0  y=1  z=4
Center of solvent box is: 37.548698, 9.387175, -37.548698
Adding box at: x=0  y=2  z=0
Center of solvent box is: 37.548698, -9.387175, 37.548698
Adding box at: x=0  y=2  z=1
Center of solvent box is: 37.548698, -9.387175, 18.774349
Adding box at: x=0  y=2  z=2
Center of solvent box is: 37.548698, -9.387175, 0.000000
Adding box at: x=0  y=2  z=3
Center of solvent box is: 37.548698, -9.387175, -18.774349
Adding box at: x=0  y=2  z=4
Center of solvent box is: 37.548698, -9.387175, -37.548698
Adding box at: x=0  y=3  z=0
Center of solvent box is: 37.548698, -28.161524, 37.548698
Adding box at: x=0  y=3  z=1
Center of solvent box is: 37.548698, -28.161524, 18.774349
Adding box at: x=0  y=3  z=2
Center of solvent box is: 37.548698, -28.161524, 0.000000
Adding box at: x=0  y=3  z=3
Center of solvent box is: 37.548698, -28.161524, -18.774349
Adding box at: x=0  y=3  z=4
Center of solvent box is: 37.548698, -28.161524, -37.548698
Adding box at: x=1  y=0  z=0
Center of solvent box is: 18.774349, 28.161524, 37.548698
Adding box at: x=1  y=0  z=1
Center of solvent box is: 18.774349, 28.161524, 18.774349
Adding box at: x=1  y=0  z=2
Center of solvent box is: 18.774349, 28.161524, 0.000000
Adding box at: x=1  y=0  z=3
Center of solvent box is: 18.774349, 28.161524, -18.774349
Adding box at: x=1  y=0  z=4
Center of solvent box is: 18.774349, 28.161524, -37.548698
Adding box at: x=1  y=1  z=0
Center of solvent box is: 18.774349, 9.387175, 37.548698
Adding box at: x=1  y=1  z=1
Center of solvent box is: 18.774349, 9.387175, 18.774349
Adding box at: x=1  y=1  z=2
Center of solvent box is: 18.774349, 9.387175, 0.000000
Adding box at: x=1  y=1  z=3
Center of solvent box is: 18.774349, 9.387175, -18.774349
Adding box at: x=1  y=1  z=4
Center of solvent box is: 18.774349, 9.387175, -37.548698
Adding box at: x=1  y=2  z=0
Center of solvent box is: 18.774349, -9.387175, 37.548698
Adding box at: x=1  y=2  z=1
Center of solvent box is: 18.774349, -9.387175, 18.774349
Adding box at: x=1  y=2  z=2
Center of solvent box is: 18.774349, -9.387175, 0.000000
Adding box at: x=1  y=2  z=3
Center of solvent box is: 18.774349, -9.387175, -18.774349
Adding box at: x=1  y=2  z=4
Center of solvent box is: 18.774349, -9.387175, -37.548698
Adding box at: x=1  y=3  z=0
Center of solvent box is: 18.774349, -28.161524, 37.548698
Adding box at: x=1  y=3  z=1
Center of solvent box is: 18.774349, -28.161524, 18.774349
Adding box at: x=1  y=3  z=2
Center of solvent box is: 18.774349, -28.161524, 0.000000
Adding box at: x=1  y=3  z=3
Center of solvent box is: 18.774349, -28.161524, -18.774349
Adding box at: x=1  y=3  z=4
Center of solvent box is: 18.774349, -28.161524, -37.548698
Adding box at: x=2  y=0  z=0
Center of solvent box is: 0.000000, 28.161524, 37.548698
Adding box at: x=2  y=0  z=1
Center of solvent box is: 0.000000, 28.161524, 18.774349
Adding box at: x=2  y=0  z=2
Center of solvent box is: 0.000000, 28.161524, 0.000000
Adding box at: x=2  y=0  z=3
Center of solvent box is: 0.000000, 28.161524, -18.774349
Adding box at: x=2  y=0  z=4
Center of solvent box is: 0.000000, 28.161524, -37.548698
Adding box at: x=2  y=1  z=0
Center of solvent box is: 0.000000, 9.387175, 37.548698
Adding box at: x=2  y=1  z=1
Center of solvent box is: 0.000000, 9.387175, 18.774349
Adding box at: x=2  y=1  z=2
Center of solvent box is: 0.000000, 9.387175, 0.000000
Adding box at: x=2  y=1  z=3
Center of solvent box is: 0.000000, 9.387175, -18.774349
Adding box at: x=2  y=1  z=4
Center of solvent box is: 0.000000, 9.387175, -37.548698
Adding box at: x=2  y=2  z=0
Center of solvent box is: 0.000000, -9.387175, 37.548698
Adding box at: x=2  y=2  z=1
Center of solvent box is: 0.000000, -9.387175, 18.774349
Adding box at: x=2  y=2  z=2
Center of solvent box is: 0.000000, -9.387175, 0.000000
Adding box at: x=2  y=2  z=3
Center of solvent box is: 0.000000, -9.387175, -18.774349
Adding box at: x=2  y=2  z=4
Center of solvent box is: 0.000000, -9.387175, -37.548698
Adding box at: x=2  y=3  z=0
Center of solvent box is: 0.000000, -28.161524, 37.548698
Adding box at: x=2  y=3  z=1
Center of solvent box is: 0.000000, -28.161524, 18.774349
Adding box at: x=2  y=3  z=2
Center of solvent box is: 0.000000, -28.161524, 0.000000
Adding box at: x=2  y=3  z=3
Center of solvent box is: 0.000000, -28.161524, -18.774349
Adding box at: x=2  y=3  z=4
Center of solvent box is: 0.000000, -28.161524, -37.548698
Adding box at: x=3  y=0  z=0
Center of solvent box is: -18.774349, 28.161524, 37.548698
Adding box at: x=3  y=0  z=1
Center of solvent box is: -18.774349, 28.161524, 18.774349
Adding box at: x=3  y=0  z=2
Center of solvent box is: -18.774349, 28.161524, 0.000000
Adding box at: x=3  y=0  z=3
Center of solvent box is: -18.774349, 28.161524, -18.774349
Adding box at: x=3  y=0  z=4
Center of solvent box is: -18.774349, 28.161524, -37.548698
Adding box at: x=3  y=1  z=0
Center of solvent box is: -18.774349, 9.387175, 37.548698
Adding box at: x=3  y=1  z=1
Center of solvent box is: -18.774349, 9.387175, 18.774349
Adding box at: x=3  y=1  z=2
Center of solvent box is: -18.774349, 9.387175, 0.000000
Adding box at: x=3  y=1  z=3
Center of solvent box is: -18.774349, 9.387175, -18.774349
Adding box at: x=3  y=1  z=4
Center of solvent box is: -18.774349, 9.387175, -37.548698
Adding box at: x=3  y=2  z=0
Center of solvent box is: -18.774349, -9.387175, 37.548698
Adding box at: x=3  y=2  z=1
Center of solvent box is: -18.774349, -9.387175, 18.774349
Adding box at: x=3  y=2  z=2
Center of solvent box is: -18.774349, -9.387175, 0.000000
Adding box at: x=3  y=2  z=3
Center of solvent box is: -18.774349, -9.387175, -18.774349
Adding box at: x=3  y=2  z=4
Center of solvent box is: -18.774349, -9.387175, -37.548698
Adding box at: x=3  y=3  z=0
Center of solvent box is: -18.774349, -28.161524, 37.548698
Adding box at: x=3  y=3  z=1
Center of solvent box is: -18.774349, -28.161524, 18.774349
Adding box at: x=3  y=3  z=2
Center of solvent box is: -18.774349, -28.161524, 0.000000
Adding box at: x=3  y=3  z=3
Center of solvent box is: -18.774349, -28.161524, -18.774349
Adding box at: x=3  y=3  z=4
Center of solvent box is: -18.774349, -28.161524, -37.548698
Adding box at: x=4  y=0  z=0
Center of solvent box is: -37.548698, 28.161524, 37.548698
Adding box at: x=4  y=0  z=1
Center of solvent box is: -37.548698, 28.161524, 18.774349
Adding box at: x=4  y=0  z=2
Center of solvent box is: -37.548698, 28.161524, 0.000000
Adding box at: x=4  y=0  z=3
Center of solvent box is: -37.548698, 28.161524, -18.774349
Adding box at: x=4  y=0  z=4
Center of solvent box is: -37.548698, 28.161524, -37.548698
Adding box at: x=4  y=1  z=0
Center of solvent box is: -37.548698, 9.387175, 37.548698
Adding box at: x=4  y=1  z=1
Center of solvent box is: -37.548698, 9.387175, 18.774349
Adding box at: x=4  y=1  z=2
Center of solvent box is: -37.548698, 9.387175, 0.000000
Adding box at: x=4  y=1  z=3
Center of solvent box is: -37.548698, 9.387175, -18.774349
Adding box at: x=4  y=1  z=4
Center of solvent box is: -37.548698, 9.387175, -37.548698
Adding box at: x=4  y=2  z=0
Center of solvent box is: -37.548698, -9.387175, 37.548698
Adding box at: x=4  y=2  z=1
Center of solvent box is: -37.548698, -9.387175, 18.774349
Adding box at: x=4  y=2  z=2
Center of solvent box is: -37.548698, -9.387175, 0.000000
Adding box at: x=4  y=2  z=3
Center of solvent box is: -37.548698, -9.387175, -18.774349
Adding box at: x=4  y=2  z=4
Center of solvent box is: -37.548698, -9.387175, -37.548698
Adding box at: x=4  y=3  z=0
Center of solvent box is: -37.548698, -28.161524, 37.548698
Adding box at: x=4  y=3  z=1
Center of solvent box is: -37.548698, -28.161524, 18.774349
Adding box at: x=4  y=3  z=2
Center of solvent box is: -37.548698, -28.161524, 0.000000
Adding box at: x=4  y=3  z=3
Center of solvent box is: -37.548698, -28.161524, -18.774349
Adding box at: x=4  y=3  z=4
Center of solvent box is: -37.548698, -28.161524, -37.548698
  Total vdw box size:                   82.086 75.345 86.545 angstroms.
  Volume: 535261.966 A^3 
  Total mass 265196.396 amu,  Density 0.823 g/cc
  Added 12677 residues.
> savepdb c 5Y2S_wat.pdb
Writing pdb file: 5Y2S_wat.pdb
   printing CRYST1 record to PDB file with box info
 Converting N-terminal residue name to PDB format: NHIE -> HIE
 Converting C-terminal residue name to PDB format: CLYS -> LYS
> saveamberparm c 5Y2S_wat.prmtop 5Y2S_wat_init0.rst
Checking Unit.
Building topology.
Building atom parameters.
Building bond parameters.
Building angle parameters.
Building proper torsion parameters.
1-4: angle 4063 4064 duplicates bond ('triangular' bond) or angle ('square' bond)

1-4: angle 4062 4064 duplicates bond ('triangular' bond) or angle ('square' bond)

1-4: angle 4062 4063 duplicates bond ('triangular' bond) or angle ('square' bond)

Building improper torsion parameters.
 ** Warning: No sp2 improper torsion term for  C*-CN-CB-CA
        atoms are: CG CE2 CD2 CE3
 ** Warning: No sp2 improper torsion term for  NA-CA-CN-CB
        atoms are: NE1 CZ2 CE2 CD2
 ** Warning: No sp2 improper torsion term for  C*-CN-CB-CA
        atoms are: CG CE2 CD2 CE3
 ** Warning: No sp2 improper torsion term for  NA-CA-CN-CB
        atoms are: NE1 CZ2 CE2 CD2
 ** Warning: No sp2 improper torsion term for  C*-CN-CB-CA
        atoms are: CG CE2 CD2 CE3
 ** Warning: No sp2 improper torsion term for  NA-CA-CN-CB
        atoms are: NE1 CZ2 CE2 CD2
 ** Warning: No sp2 improper torsion term for  C*-CN-CB-CA
        atoms are: CG CE2 CD2 CE3
 ** Warning: No sp2 improper torsion term for  NA-CA-CN-CB
        atoms are: NE1 CZ2 CE2 CD2
 ** Warning: No sp2 improper torsion term for  C*-CN-CB-CA
        atoms are: CG CE2 CD2 CE3
 ** Warning: No sp2 improper torsion term for  NA-CA-CN-CB
        atoms are: NE1 CZ2 CE2 CD2
 ** Warning: No sp2 improper torsion term for  C*-CN-CB-CA
        atoms are: CG CE2 CD2 CE3
 ** Warning: No sp2 improper torsion term for  NA-CA-CN-CB
        atoms are: NE1 CZ2 CE2 CD2
 ** Warning: No sp2 improper torsion term for  C*-CN-CB-CA
        atoms are: CG CE2 CD2 CE3
 ** Warning: No sp2 improper torsion term for  NA-CA-CN-CB
        atoms are: NE1 CZ2 CE2 CD2
old PREP-specified impropers:
 <HD4 94>:  -M   CA   N    H   
 <HD4 94>:  CA   +M   C    O   
 <HD4 94>:  CG   CE1  ND1  HD1 
 <HD4 94>:  CG   NE2  CD2  HD2 
 <HD4 94>:  ND1  NE2  CE1  HE1 
 <HD4 94>:  ND1  CD2  CG   CB  
 <HD5 96>:  -M   CA   N    H   
 <HD5 96>:  CA   +M   C    O   
 <HD5 96>:  CG   CE1  ND1  HD1 
 <HD5 96>:  CG   NE2  CD2  HD2 
 <HD5 96>:  ND1  NE2  CE1  HE1 
 <HD5 96>:  ND1  CD2  CG   CB  
 <HE2 119>:  -M   CA   N    H   
 <HE2 119>:  CA   +M   C    O   
 <HE2 119>:  CE1  CD2  NE2  HE2 
 <HE2 119>:  CG   NE2  CD2  HD2 
 <HE2 119>:  ND1  NE2  CE1  HE1 
 <HE2 119>:  ND1  CD2  CG   CB  
 total 828 improper torsions applied
 18 improper torsions in old prep form
Building H-Bond parameters.
Incorporating Non-Bonded adjustments.
Not Marking per-residue atom chain types.
Marking per-residue atom chain types.
  (Residues lacking connect0/connect1 - 
   these don't have chain types marked:

	res	total affected

	CLYS	1
	CO2	2
	NHIE	1
	WAT	13105
  )
 (no restraints)
> quit
	Quit
